
0.0004s - [INFO ] Log file active at [_logs/2024-11-07-build.log]
0.0005s - [INFO ] Executing command [BUILD] on [2024-11-07] at [00:31:20]
0.0005s - [INFO ] Starting static website build

0.0002s - [INFO ] Log file active at [_logs/2024-11-07-build.log]
0.0003s - [INFO ] Executing command [BUILD] on [2024-11-07] at [00:31:44]
0.0004s - [INFO ] Starting static website build
0.0030s - [INFO ]   Loading theme [lumen]
0.0032s - [INFO ]     Theme successfull loaded
0.0084s - [INFO ]   Loading content type [pages]
0.0177s - [INFO ]   Loading content type [posts]
0.5215s - [INFO ]   Processing plugins for [pages]
0.5216s - [INFO ]     Executing plugin [image]
0.6522s - [INFO ]     Executing plugin [seo]
0.6522s - [INFO ]     Executing plugin [wordpress]
0.6536s - [INFO ]   Processing plugins for [posts]
0.6536s - [INFO ]     Executing plugin [image]
0.6893s - [WARN ]       Corrupted image file [/assets/posts/2006/goodbye-summer-hello-autumn-1.jpg]
0.7532s - [WARN ]       Corrupted image file [/assets/posts/2007/transformers-the-movie-almost-here-1.jpg]
0.8168s - [WARN ]       Corrupted image file [/assets/posts/2007/say-it-aint-so-devon-1.jpg]
0.8215s - [WARN ]       Corrupted image file [/assets/posts/2007/heroes-season-two-finale-2.jpg]
0.8648s - [WARN ]       Corrupted image file [/assets/posts/2008/microsoft-extends-44-billion-dollar-offer-for-yahoo-1.PNG]
0.9312s - [WARN ]       Corrupted image file [/assets/posts/2008/entry-11-northern-lights-in-vancouver-2.jpg]
0.9350s - [WARN ]       Corrupted image file [/assets/posts/2008/entry-16-baby-penguins-washing-up-on-distant-shores-1.jpg]
0.9427s - [WARN ]       Corrupted image file [/assets/posts/2008/entry-29-missouri-community-embraces-the-wind-1.]
1.0095s - [WARN ]       Corrupted image file [/assets/posts/2009/heroes-24-lost-1.jpg]
1.0944s - [WARN ]       Corrupted image file [/assets/posts/2009/space-weather-and-the-northern-lights-1.jpg]
1.1035s - [WARN ]       Corrupted image file [/assets/posts/2009/out-with-the-old-in-with-the-new-1.]
2.2156s - [INFO ]     Executing plugin [seo]
2.2157s - [INFO ]     Executing plugin [wordpress]
2.2254s - [INFO ]   Generating single content pages for [pages]
2.2329s - [INFO ]   Generating single content pages for [posts]
2.5213s - [INFO ]   Generating index & paginated content for [posts]
2.5868s - [INFO ]   Generating home content for [posts]
2.6507s - [INFO ]   Generating taxonomy pages for [posts]
3.3150s - [INFO ]   Writing [robots.txt]
3.3463s - [INFO ]   Writing [sitemap.xml]
3.3463s - [INFO ] Total entries processed [2117], HTML pages generated [5414]
3.3463s - [INFO ] Your website is now ready to view. You can run 'php crossroads serve' to view it.
3.3463s - [INFO ] Finished executing [BUILD] command, total time taken 3.346s

0.0002s - [INFO ] Log file active at [_logs/2024-11-07-build.log]
0.0004s - [INFO ] Executing command [BUILD] on [2024-11-07] at [01:14:10]
0.0004s - [INFO ] Starting static website build
0.0035s - [INFO ]   Loading theme [lumen]
0.0036s - [INFO ]     Theme successfull loaded
0.0098s - [INFO ]   Loading content type [pages]
0.0177s - [INFO ]   Loading content type [posts]
0.4994s - [INFO ]   Processing plugins for [pages]
0.4994s - [INFO ]     Executing plugin [image]
0.6293s - [INFO ]     Executing plugin [seo]
0.6293s - [INFO ]     Executing plugin [wordpress]
0.6307s - [INFO ]   Processing plugins for [posts]
0.6307s - [INFO ]     Executing plugin [image]
0.6676s - [WARN ]       Corrupted image file [/assets/posts/2006/goodbye-summer-hello-autumn-1.jpg]
0.7287s - [WARN ]       Corrupted image file [/assets/posts/2007/transformers-the-movie-almost-here-1.jpg]
0.7922s - [WARN ]       Corrupted image file [/assets/posts/2007/say-it-aint-so-devon-1.jpg]
0.7968s - [WARN ]       Corrupted image file [/assets/posts/2007/heroes-season-two-finale-2.jpg]
0.8390s - [WARN ]       Corrupted image file [/assets/posts/2008/microsoft-extends-44-billion-dollar-offer-for-yahoo-1.PNG]
0.9059s - [WARN ]       Corrupted image file [/assets/posts/2008/entry-11-northern-lights-in-vancouver-2.jpg]
0.9111s - [WARN ]       Corrupted image file [/assets/posts/2008/entry-16-baby-penguins-washing-up-on-distant-shores-1.jpg]
0.9209s - [WARN ]       Corrupted image file [/assets/posts/2008/entry-29-missouri-community-embraces-the-wind-1.]
0.9881s - [WARN ]       Corrupted image file [/assets/posts/2009/heroes-24-lost-1.jpg]
1.0754s - [WARN ]       Corrupted image file [/assets/posts/2009/space-weather-and-the-northern-lights-1.jpg]
1.0848s - [WARN ]       Corrupted image file [/assets/posts/2009/out-with-the-old-in-with-the-new-1.]
2.1618s - [INFO ]     Executing plugin [seo]
2.1620s - [INFO ]     Executing plugin [wordpress]
2.1716s - [INFO ]   Generating single content pages for [pages]
2.1790s - [INFO ]   Generating single content pages for [posts]
2.4986s - [INFO ]   Generating index & paginated content for [posts]
2.5965s - [INFO ]   Generating home content for [posts]
2.6643s - [INFO ]   Generating taxonomy pages for [posts]
3.3405s - [INFO ]   Writing [robots.txt]
3.3714s - [INFO ]   Writing [sitemap.xml]
3.3715s - [INFO ] Total entries processed [2117], HTML pages generated [5414]
3.3715s - [INFO ] Your website is now ready to view. You can run 'php crossroads serve' to view it.
3.3715s - [INFO ] Finished executing [BUILD] command, total time taken 3.371s

0.0002s - [INFO ] Log file active at [_logs/2024-11-07-build.log]
0.0003s - [INFO ] Executing command [BUILD] on [2024-11-07] at [01:15:51]
0.0004s - [INFO ] Starting static website build
0.0034s - [INFO ]   Loading theme [lumen]
0.0036s - [INFO ]     Theme successfull loaded
0.0081s - [INFO ]   Loading content type [pages]
0.0165s - [INFO ]   Loading content type [posts]
0.4937s - [INFO ]   Processing plugins for [pages]
0.4937s - [INFO ]     Executing plugin [image]
0.6162s - [INFO ]     Executing plugin [seo]
0.6162s - [INFO ]     Executing plugin [wordpress]
0.6176s - [INFO ]   Processing plugins for [posts]
0.6176s - [INFO ]     Executing plugin [image]
0.6487s - [WARN ]       Corrupted image file [/assets/posts/2006/goodbye-summer-hello-autumn-1.jpg]
0.7075s - [WARN ]       Corrupted image file [/assets/posts/2007/transformers-the-movie-almost-here-1.jpg]
0.7676s - [WARN ]       Corrupted image file [/assets/posts/2007/say-it-aint-so-devon-1.jpg]
0.7733s - [WARN ]       Corrupted image file [/assets/posts/2007/heroes-season-two-finale-2.jpg]
0.8153s - [WARN ]       Corrupted image file [/assets/posts/2008/microsoft-extends-44-billion-dollar-offer-for-yahoo-1.PNG]
0.8786s - [WARN ]       Corrupted image file [/assets/posts/2008/entry-11-northern-lights-in-vancouver-2.jpg]
0.8823s - [WARN ]       Corrupted image file [/assets/posts/2008/entry-16-baby-penguins-washing-up-on-distant-shores-1.jpg]
0.8900s - [WARN ]       Corrupted image file [/assets/posts/2008/entry-29-missouri-community-embraces-the-wind-1.]
0.9528s - [WARN ]       Corrupted image file [/assets/posts/2009/heroes-24-lost-1.jpg]
1.0356s - [WARN ]       Corrupted image file [/assets/posts/2009/space-weather-and-the-northern-lights-1.jpg]
1.0446s - [WARN ]       Corrupted image file [/assets/posts/2009/out-with-the-old-in-with-the-new-1.]
2.0933s - [INFO ]     Executing plugin [seo]
2.0934s - [INFO ]     Executing plugin [wordpress]
2.1033s - [INFO ]   Generating single content pages for [pages]
2.1085s - [INFO ]   Generating single content pages for [posts]

0.0001s - [INFO ] Log file active at [_logs/2024-11-07-build.log]
0.0001s - [INFO ] Executing command [BUILD] on [2024-11-07] at [01:16:11]
0.0001s - [INFO ] Starting static website build
0.0028s - [INFO ]   Loading theme [lumen]
0.0029s - [INFO ]     Theme successfull loaded
0.0049s - [INFO ]   Loading content type [pages]
0.0125s - [INFO ]   Loading content type [posts]
0.4651s - [INFO ]   Processing plugins for [pages]
0.4652s - [INFO ]     Executing plugin [image]
0.4943s - [INFO ]     Executing plugin [seo]
0.4943s - [INFO ]     Executing plugin [wordpress]
0.4957s - [INFO ]   Processing plugins for [posts]
0.4957s - [INFO ]     Executing plugin [image]
0.5049s - [WARN ]       Corrupted image file [/assets/posts/2006/goodbye-summer-hello-autumn-1.jpg]
0.5211s - [WARN ]       Corrupted image file [/assets/posts/2007/transformers-the-movie-almost-here-1.jpg]
0.5375s - [WARN ]       Corrupted image file [/assets/posts/2007/say-it-aint-so-devon-1.jpg]
0.5385s - [WARN ]       Corrupted image file [/assets/posts/2007/heroes-season-two-finale-2.jpg]
0.5500s - [WARN ]       Corrupted image file [/assets/posts/2008/microsoft-extends-44-billion-dollar-offer-for-yahoo-1.PNG]
0.5683s - [WARN ]       Corrupted image file [/assets/posts/2008/entry-11-northern-lights-in-vancouver-2.jpg]
0.5696s - [WARN ]       Corrupted image file [/assets/posts/2008/entry-16-baby-penguins-washing-up-on-distant-shores-1.jpg]
0.5719s - [WARN ]       Corrupted image file [/assets/posts/2008/entry-29-missouri-community-embraces-the-wind-1.]
0.5900s - [WARN ]       Corrupted image file [/assets/posts/2009/heroes-24-lost-1.jpg]
0.6121s - [WARN ]       Corrupted image file [/assets/posts/2009/space-weather-and-the-northern-lights-1.jpg]
0.6147s - [WARN ]       Corrupted image file [/assets/posts/2009/out-with-the-old-in-with-the-new-1.]
1.1605s - [INFO ]     Executing plugin [seo]
1.1607s - [INFO ]     Executing plugin [wordpress]
1.1708s - [INFO ]   Generating single content pages for [pages]
1.1762s - [INFO ]   Generating single content pages for [posts]

0.0000s - [INFO ] Log file active at [_logs/2024-11-07-build.log]
0.0001s - [INFO ] Executing command [BUILD] on [2024-11-07] at [01:17:51]
0.0001s - [INFO ] Starting static website build
0.0027s - [INFO ]   Loading theme [lumen]
0.0029s - [INFO ]     Theme successfull loaded
0.0048s - [INFO ]   Loading content type [pages]
0.0123s - [INFO ]   Loading content type [posts]
0.3314s - [INFO ]   Processing plugins for [pages]
0.3315s - [INFO ]     Executing plugin [image]
0.3606s - [INFO ]     Executing plugin [seo]
0.3606s - [INFO ]     Executing plugin [wordpress]
0.3620s - [INFO ]   Processing plugins for [posts]
0.3620s - [INFO ]     Executing plugin [image]
0.3714s - [WARN ]       Corrupted image file [/assets/posts/2006/goodbye-summer-hello-autumn-1.jpg]
0.3882s - [WARN ]       Corrupted image file [/assets/posts/2007/transformers-the-movie-almost-here-1.jpg]
0.4051s - [WARN ]       Corrupted image file [/assets/posts/2007/say-it-aint-so-devon-1.jpg]
0.4061s - [WARN ]       Corrupted image file [/assets/posts/2007/heroes-season-two-finale-2.jpg]
0.4180s - [WARN ]       Corrupted image file [/assets/posts/2008/microsoft-extends-44-billion-dollar-offer-for-yahoo-1.PNG]
0.4349s - [WARN ]       Corrupted image file [/assets/posts/2008/entry-11-northern-lights-in-vancouver-2.jpg]
0.4364s - [WARN ]       Corrupted image file [/assets/posts/2008/entry-16-baby-penguins-washing-up-on-distant-shores-1.jpg]
0.4389s - [WARN ]       Corrupted image file [/assets/posts/2008/entry-29-missouri-community-embraces-the-wind-1.]
0.4571s - [WARN ]       Corrupted image file [/assets/posts/2009/heroes-24-lost-1.jpg]
0.4796s - [WARN ]       Corrupted image file [/assets/posts/2009/space-weather-and-the-northern-lights-1.jpg]
0.4823s - [WARN ]       Corrupted image file [/assets/posts/2009/out-with-the-old-in-with-the-new-1.]
0.7153s - [INFO ]     Executing plugin [seo]
0.7154s - [INFO ]     Executing plugin [wordpress]
0.7253s - [INFO ]   Generating single content pages for [pages]
0.7300s - [INFO ]   Generating single content pages for [posts]

0.0001s - [INFO ] Log file active at [_logs/2024-11-07-build.log]
0.0001s - [INFO ] Executing command [BUILD] on [2024-11-07] at [01:18:58]
0.0001s - [INFO ] Starting static website build
0.0017s - [INFO ]   Loading theme [lumen]
0.0019s - [INFO ]     Theme successfull loaded
0.0030s - [INFO ]   Loading content type [pages]
0.0084s - [INFO ]   Loading content type [posts]
0.2743s - [INFO ]   Processing plugins for [pages]
0.2743s - [INFO ]     Executing plugin [image]
0.3039s - [INFO ]     Executing plugin [seo]
0.3039s - [INFO ]     Executing plugin [wordpress]
0.3053s - [INFO ]   Processing plugins for [posts]
0.3053s - [INFO ]     Executing plugin [image]
0.3148s - [WARN ]       Corrupted image file [/assets/posts/2006/goodbye-summer-hello-autumn-1.jpg]
0.3319s - [WARN ]       Corrupted image file [/assets/posts/2007/transformers-the-movie-almost-here-1.jpg]
0.3490s - [WARN ]       Corrupted image file [/assets/posts/2007/say-it-aint-so-devon-1.jpg]
0.3502s - [WARN ]       Corrupted image file [/assets/posts/2007/heroes-season-two-finale-2.jpg]
0.3621s - [WARN ]       Corrupted image file [/assets/posts/2008/microsoft-extends-44-billion-dollar-offer-for-yahoo-1.PNG]
0.3806s - [WARN ]       Corrupted image file [/assets/posts/2008/entry-11-northern-lights-in-vancouver-2.jpg]
0.3819s - [WARN ]       Corrupted image file [/assets/posts/2008/entry-16-baby-penguins-washing-up-on-distant-shores-1.jpg]
0.3845s - [WARN ]       Corrupted image file [/assets/posts/2008/entry-29-missouri-community-embraces-the-wind-1.]
0.4032s - [WARN ]       Corrupted image file [/assets/posts/2009/heroes-24-lost-1.jpg]
0.4268s - [WARN ]       Corrupted image file [/assets/posts/2009/space-weather-and-the-northern-lights-1.jpg]
0.4296s - [WARN ]       Corrupted image file [/assets/posts/2009/out-with-the-old-in-with-the-new-1.]
0.6715s - [INFO ]     Executing plugin [seo]
0.6716s - [INFO ]     Executing plugin [wordpress]
0.6816s - [INFO ]   Generating single content pages for [pages]
0.6854s - [INFO ]   Generating single content pages for [posts]
1.0021s - [INFO ]   Generating index & paginated content for [posts]
1.0128s - [INFO ]   Generating home content for [posts]
1.0255s - [INFO ]   Generating taxonomy pages for [posts]
1.3729s - [INFO ]   Writing [robots.txt]
1.4002s - [INFO ]   Writing [sitemap.xml]
1.4002s - [INFO ] Total entries processed [2117], HTML pages generated [5414]
1.4002s - [INFO ] Your website is now ready to view. You can run 'php crossroads serve' to view it.
1.4003s - [INFO ] Finished executing [BUILD] command, total time taken 1.400s

0.0001s - [INFO ] Log file active at [_logs/2024-11-07-build.log]
0.0001s - [INFO ] Executing command [BUILD] on [2024-11-07] at [01:19:26]
0.0001s - [INFO ] Starting static website build
0.0028s - [INFO ]   Loading theme [lumen]
0.0030s - [INFO ]     Theme successfull loaded
0.0067s - [INFO ]   Loading content type [pages]
0.0155s - [INFO ]   Loading content type [posts]
0.4846s - [INFO ]   Processing plugins for [pages]
0.4846s - [INFO ]     Executing plugin [image]
0.6157s - [INFO ]     Executing plugin [seo]
0.6157s - [INFO ]     Executing plugin [wordpress]
0.6170s - [INFO ]   Processing plugins for [posts]
0.6171s - [INFO ]     Executing plugin [image]
0.6549s - [WARN ]       Corrupted image file [/assets/posts/2006/goodbye-summer-hello-autumn-1.jpg]
0.7163s - [WARN ]       Corrupted image file [/assets/posts/2007/transformers-the-movie-almost-here-1.jpg]
0.7805s - [WARN ]       Corrupted image file [/assets/posts/2007/say-it-aint-so-devon-1.jpg]
0.7854s - [WARN ]       Corrupted image file [/assets/posts/2007/heroes-season-two-finale-2.jpg]
0.8289s - [WARN ]       Corrupted image file [/assets/posts/2008/microsoft-extends-44-billion-dollar-offer-for-yahoo-1.PNG]
0.8986s - [WARN ]       Corrupted image file [/assets/posts/2008/entry-11-northern-lights-in-vancouver-2.jpg]
0.9037s - [WARN ]       Corrupted image file [/assets/posts/2008/entry-16-baby-penguins-washing-up-on-distant-shores-1.jpg]
0.9134s - [WARN ]       Corrupted image file [/assets/posts/2008/entry-29-missouri-community-embraces-the-wind-1.]
0.9809s - [WARN ]       Corrupted image file [/assets/posts/2009/heroes-24-lost-1.jpg]
1.0806s - [WARN ]       Corrupted image file [/assets/posts/2009/space-weather-and-the-northern-lights-1.jpg]
1.0911s - [WARN ]       Corrupted image file [/assets/posts/2009/out-with-the-old-in-with-the-new-1.]
2.2126s - [INFO ]     Executing plugin [seo]
2.2128s - [INFO ]     Executing plugin [wordpress]
2.2225s - [INFO ]   Generating single content pages for [pages]
2.2276s - [INFO ]   Generating single content pages for [posts]
2.5144s - [INFO ]   Generating index & paginated content for [posts]

0.0001s - [INFO ] Log file active at [_logs/2024-11-07-build.log]
0.0002s - [INFO ] Executing command [BUILD] on [2024-11-07] at [01:19:48]
0.0003s - [INFO ] Starting static website build
0.0028s - [INFO ]   Loading theme [lumen]
0.0030s - [INFO ]     Theme successfull loaded
0.0067s - [INFO ]   Loading content type [pages]
0.0142s - [INFO ]   Loading content type [posts]
0.4659s - [INFO ]   Processing plugins for [pages]
0.4659s - [INFO ]     Executing plugin [image]
0.5900s - [INFO ]     Executing plugin [seo]
0.5900s - [INFO ]     Executing plugin [wordpress]
0.5914s - [INFO ]   Processing plugins for [posts]
0.5914s - [INFO ]     Executing plugin [image]
0.6233s - [WARN ]       Corrupted image file [/assets/posts/2006/goodbye-summer-hello-autumn-1.jpg]
0.6851s - [WARN ]       Corrupted image file [/assets/posts/2007/transformers-the-movie-almost-here-1.jpg]
0.7452s - [WARN ]       Corrupted image file [/assets/posts/2007/say-it-aint-so-devon-1.jpg]
0.7495s - [WARN ]       Corrupted image file [/assets/posts/2007/heroes-season-two-finale-2.jpg]
0.7913s - [WARN ]       Corrupted image file [/assets/posts/2008/microsoft-extends-44-billion-dollar-offer-for-yahoo-1.PNG]
0.8562s - [WARN ]       Corrupted image file [/assets/posts/2008/entry-11-northern-lights-in-vancouver-2.jpg]
0.8599s - [WARN ]       Corrupted image file [/assets/posts/2008/entry-16-baby-penguins-washing-up-on-distant-shores-1.jpg]
0.8678s - [WARN ]       Corrupted image file [/assets/posts/2008/entry-29-missouri-community-embraces-the-wind-1.]
0.9313s - [WARN ]       Corrupted image file [/assets/posts/2009/heroes-24-lost-1.jpg]
1.0145s - [WARN ]       Corrupted image file [/assets/posts/2009/space-weather-and-the-northern-lights-1.jpg]
1.0231s - [WARN ]       Corrupted image file [/assets/posts/2009/out-with-the-old-in-with-the-new-1.]
1.7411s - [INFO ]     Executing plugin [seo]
1.7412s - [INFO ]     Executing plugin [wordpress]
1.7510s - [INFO ]   Generating single content pages for [pages]
1.7559s - [INFO ]   Generating single content pages for [posts]
2.0422s - [INFO ]   Generating index & paginated content for [posts]
2.0735s - [INFO ]   Generating home content for [posts]
2.0840s - [INFO ]   Generating taxonomy pages for [posts]
2.4271s - [INFO ]   Writing [robots.txt]
2.4604s - [INFO ]   Writing [sitemap.xml]
2.4604s - [INFO ] Total entries processed [2117], HTML pages generated [5414]
2.4604s - [INFO ] Your website is now ready to view. You can run 'php crossroads serve' to view it.
2.4604s - [INFO ] Finished executing [BUILD] command, total time taken 2.460s

0.0001s - [INFO ] Log file active at [_logs/2024-11-07-build.log]
0.0001s - [INFO ] Executing command [BUILD] on [2024-11-07] at [01:20:13]
0.0001s - [INFO ] Starting static website build
0.0027s - [INFO ]   Loading theme [lumen]
0.0029s - [INFO ]     Theme successfull loaded
0.0047s - [INFO ]   Loading content type [pages]
0.0124s - [INFO ]   Loading content type [posts]
0.4662s - [INFO ]   Processing plugins for [pages]
0.4662s - [INFO ]     Executing plugin [image]
0.4959s - [INFO ]     Executing plugin [seo]
0.4959s - [INFO ]     Executing plugin [wordpress]
0.4973s - [INFO ]   Processing plugins for [posts]
0.4973s - [INFO ]     Executing plugin [image]
0.5068s - [WARN ]       Corrupted image file [/assets/posts/2006/goodbye-summer-hello-autumn-1.jpg]
0.5236s - [WARN ]       Corrupted image file [/assets/posts/2007/transformers-the-movie-almost-here-1.jpg]
0.5405s - [WARN ]       Corrupted image file [/assets/posts/2007/say-it-aint-so-devon-1.jpg]
0.5416s - [WARN ]       Corrupted image file [/assets/posts/2007/heroes-season-two-finale-2.jpg]
0.5535s - [WARN ]       Corrupted image file [/assets/posts/2008/microsoft-extends-44-billion-dollar-offer-for-yahoo-1.PNG]
0.5716s - [WARN ]       Corrupted image file [/assets/posts/2008/entry-11-northern-lights-in-vancouver-2.jpg]
0.5729s - [WARN ]       Corrupted image file [/assets/posts/2008/entry-16-baby-penguins-washing-up-on-distant-shores-1.jpg]
0.5754s - [WARN ]       Corrupted image file [/assets/posts/2008/entry-29-missouri-community-embraces-the-wind-1.]
0.5937s - [WARN ]       Corrupted image file [/assets/posts/2009/heroes-24-lost-1.jpg]
0.6163s - [WARN ]       Corrupted image file [/assets/posts/2009/space-weather-and-the-northern-lights-1.jpg]
0.6191s - [WARN ]       Corrupted image file [/assets/posts/2009/out-with-the-old-in-with-the-new-1.]
0.8574s - [INFO ]     Executing plugin [seo]
0.8575s - [INFO ]     Executing plugin [wordpress]
0.8674s - [INFO ]   Generating single content pages for [pages]
0.8724s - [INFO ]   Generating single content pages for [posts]
1.1720s - [INFO ]   Generating index & paginated content for [posts]

0.0001s - [INFO ] Log file active at [_logs/2024-11-07-build.log]
0.0001s - [INFO ] Executing command [BUILD] on [2024-11-07] at [01:20:25]
0.0001s - [INFO ] Starting static website build
0.0017s - [INFO ]   Loading theme [lumen]
0.0018s - [INFO ]     Theme successfull loaded
0.0030s - [INFO ]   Loading content type [pages]
0.0084s - [INFO ]   Loading content type [posts]
0.2739s - [INFO ]   Processing plugins for [pages]
0.2739s - [INFO ]     Executing plugin [image]
0.3028s - [INFO ]     Executing plugin [seo]
0.3029s - [INFO ]     Executing plugin [wordpress]
0.3042s - [INFO ]   Processing plugins for [posts]
0.3043s - [INFO ]     Executing plugin [image]
0.3136s - [WARN ]       Corrupted image file [/assets/posts/2006/goodbye-summer-hello-autumn-1.jpg]
0.3307s - [WARN ]       Corrupted image file [/assets/posts/2007/transformers-the-movie-almost-here-1.jpg]
0.3480s - [WARN ]       Corrupted image file [/assets/posts/2007/say-it-aint-so-devon-1.jpg]
0.3490s - [WARN ]       Corrupted image file [/assets/posts/2007/heroes-season-two-finale-2.jpg]
0.3612s - [WARN ]       Corrupted image file [/assets/posts/2008/microsoft-extends-44-billion-dollar-offer-for-yahoo-1.PNG]
0.3776s - [WARN ]       Corrupted image file [/assets/posts/2008/entry-11-northern-lights-in-vancouver-2.jpg]
0.3789s - [WARN ]       Corrupted image file [/assets/posts/2008/entry-16-baby-penguins-washing-up-on-distant-shores-1.jpg]
0.3812s - [WARN ]       Corrupted image file [/assets/posts/2008/entry-29-missouri-community-embraces-the-wind-1.]
0.3987s - [WARN ]       Corrupted image file [/assets/posts/2009/heroes-24-lost-1.jpg]
0.4206s - [WARN ]       Corrupted image file [/assets/posts/2009/space-weather-and-the-northern-lights-1.jpg]
0.4232s - [WARN ]       Corrupted image file [/assets/posts/2009/out-with-the-old-in-with-the-new-1.]
0.6534s - [INFO ]     Executing plugin [seo]
0.6535s - [INFO ]     Executing plugin [wordpress]
0.6634s - [INFO ]   Generating single content pages for [pages]
0.6674s - [INFO ]   Generating single content pages for [posts]
0.9647s - [INFO ]   Generating index & paginated content for [posts]
1.0389s - [INFO ]   Generating home content for [posts]
1.0978s - [INFO ]   Generating taxonomy pages for [posts]
1.7331s - [INFO ]   Writing [robots.txt]
1.7641s - [INFO ]   Writing [sitemap.xml]
1.7641s - [INFO ] Total entries processed [2117], HTML pages generated [5414]
1.7641s - [INFO ] Your website is now ready to view. You can run 'php crossroads serve' to view it.
1.7641s - [INFO ] Finished executing [BUILD] command, total time taken 1.764s

0.0001s - [INFO ] Log file active at [_logs/2024-11-07-build.log]
0.0001s - [INFO ] Executing command [BUILD] on [2024-11-07] at [01:21:32]
0.0001s - [INFO ] Starting static website build
0.0016s - [INFO ]   Loading theme [lumen]
0.0018s - [INFO ]     Theme successfull loaded
0.0028s - [INFO ]   Loading content type [pages]
0.0081s - [INFO ]   Loading content type [posts]
0.2754s - [INFO ]   Processing plugins for [pages]
0.2754s - [INFO ]     Executing plugin [image]
0.3041s - [INFO ]     Executing plugin [seo]
0.3041s - [INFO ]     Executing plugin [wordpress]
0.3055s - [INFO ]   Processing plugins for [posts]
0.3055s - [INFO ]     Executing plugin [image]
0.3146s - [WARN ]       Corrupted image file [/assets/posts/2006/goodbye-summer-hello-autumn-1.jpg]
0.3311s - [WARN ]       Corrupted image file [/assets/posts/2007/transformers-the-movie-almost-here-1.jpg]
0.3473s - [WARN ]       Corrupted image file [/assets/posts/2007/say-it-aint-so-devon-1.jpg]
0.3483s - [WARN ]       Corrupted image file [/assets/posts/2007/heroes-season-two-finale-2.jpg]
0.3597s - [WARN ]       Corrupted image file [/assets/posts/2008/microsoft-extends-44-billion-dollar-offer-for-yahoo-1.PNG]
0.3775s - [WARN ]       Corrupted image file [/assets/posts/2008/entry-11-northern-lights-in-vancouver-2.jpg]
0.3788s - [WARN ]       Corrupted image file [/assets/posts/2008/entry-16-baby-penguins-washing-up-on-distant-shores-1.jpg]
0.3812s - [WARN ]       Corrupted image file [/assets/posts/2008/entry-29-missouri-community-embraces-the-wind-1.]
0.3987s - [WARN ]       Corrupted image file [/assets/posts/2009/heroes-24-lost-1.jpg]
0.4204s - [WARN ]       Corrupted image file [/assets/posts/2009/space-weather-and-the-northern-lights-1.jpg]
0.4231s - [WARN ]       Corrupted image file [/assets/posts/2009/out-with-the-old-in-with-the-new-1.]
0.6589s - [INFO ]     Executing plugin [seo]
0.6590s - [INFO ]     Executing plugin [wordpress]
0.6689s - [INFO ]   Generating single content pages for [pages]
0.6730s - [INFO ]   Generating single content pages for [posts]
0.9807s - [INFO ]   Generating index & paginated content for [posts]
1.0606s - [INFO ]   Generating home content for [posts]
1.1244s - [INFO ]   Generating taxonomy pages for [posts]
1.8155s - [INFO ]   Writing [robots.txt]
1.8464s - [INFO ]   Writing [sitemap.xml]
1.8465s - [INFO ] Total entries processed [2117], HTML pages generated [5414]
1.8465s - [INFO ] Your website is now ready to view. You can run 'php crossroads serve' to view it.
1.8465s - [INFO ] Finished executing [BUILD] command, total time taken 1.846s

0.0001s - [INFO ] Log file active at [_logs/2024-11-07-build.log]
0.0001s - [INFO ] Executing command [BUILD] on [2024-11-07] at [01:22:10]
0.0001s - [INFO ] Starting static website build
0.0032s - [INFO ]   Loading theme [lumen]
0.0034s - [INFO ]     Theme successfull loaded
0.0068s - [INFO ]   Loading content type [pages]
0.0147s - [INFO ]   Loading content type [posts]
0.4926s - [INFO ]   Processing plugins for [pages]
0.4926s - [INFO ]     Executing plugin [image]
0.6151s - [INFO ]     Executing plugin [seo]
0.6151s - [INFO ]     Executing plugin [wordpress]
0.6165s - [INFO ]   Processing plugins for [posts]
0.6165s - [INFO ]     Executing plugin [image]
0.6476s - [WARN ]       Corrupted image file [/assets/posts/2006/goodbye-summer-hello-autumn-1.jpg]
0.7084s - [WARN ]       Corrupted image file [/assets/posts/2007/transformers-the-movie-almost-here-1.jpg]
0.7690s - [WARN ]       Corrupted image file [/assets/posts/2007/say-it-aint-so-devon-1.jpg]
0.7732s - [WARN ]       Corrupted image file [/assets/posts/2007/heroes-season-two-finale-2.jpg]
0.8141s - [WARN ]       Corrupted image file [/assets/posts/2008/microsoft-extends-44-billion-dollar-offer-for-yahoo-1.PNG]
0.8778s - [WARN ]       Corrupted image file [/assets/posts/2008/entry-11-northern-lights-in-vancouver-2.jpg]
0.8814s - [WARN ]       Corrupted image file [/assets/posts/2008/entry-16-baby-penguins-washing-up-on-distant-shores-1.jpg]
0.8892s - [WARN ]       Corrupted image file [/assets/posts/2008/entry-29-missouri-community-embraces-the-wind-1.]
0.9524s - [WARN ]       Corrupted image file [/assets/posts/2009/heroes-24-lost-1.jpg]
1.0349s - [WARN ]       Corrupted image file [/assets/posts/2009/space-weather-and-the-northern-lights-1.jpg]
1.0437s - [WARN ]       Corrupted image file [/assets/posts/2009/out-with-the-old-in-with-the-new-1.]
1.7157s - [INFO ]     Executing plugin [seo]
1.7159s - [INFO ]     Executing plugin [wordpress]
1.7257s - [INFO ]   Generating single content pages for [pages]
1.7308s - [INFO ]   Generating single content pages for [posts]
2.0362s - [INFO ]   Generating index & paginated content for [posts]
2.1027s - [INFO ]   Generating home content for [posts]
2.1661s - [INFO ]   Generating taxonomy pages for [posts]
2.8548s - [INFO ]   Writing [robots.txt]
2.8845s - [INFO ]   Writing [sitemap.xml]
2.8845s - [INFO ] Total entries processed [2117], HTML pages generated [5414]
2.8845s - [INFO ] Your website is now ready to view. You can run 'php crossroads serve' to view it.
2.8846s - [INFO ] Finished executing [BUILD] command, total time taken 2.884s

0.0001s - [INFO ] Log file active at [_logs/2024-11-07-build.log]
0.0001s - [INFO ] Executing command [BUILD] on [2024-11-07] at [01:23:42]
0.0001s - [INFO ] Starting static website build
0.0028s - [INFO ]   Loading theme [lumen]
0.0030s - [INFO ]     Theme successfull loaded
0.0047s - [INFO ]   Loading content type [pages]
0.0132s - [INFO ]   Loading content type [posts]
0.4813s - [INFO ]   Processing plugins for [pages]
0.4814s - [INFO ]     Executing plugin [image]
0.5110s - [INFO ]     Executing plugin [seo]
0.5110s - [INFO ]     Executing plugin [wordpress]
0.5124s - [INFO ]   Processing plugins for [posts]
0.5124s - [INFO ]     Executing plugin [image]
0.5216s - [WARN ]       Corrupted image file [/assets/posts/2006/goodbye-summer-hello-autumn-1.jpg]
0.5381s - [WARN ]       Corrupted image file [/assets/posts/2007/transformers-the-movie-almost-here-1.jpg]
0.5545s - [WARN ]       Corrupted image file [/assets/posts/2007/say-it-aint-so-devon-1.jpg]
0.5555s - [WARN ]       Corrupted image file [/assets/posts/2007/heroes-season-two-finale-2.jpg]
0.5671s - [WARN ]       Corrupted image file [/assets/posts/2008/microsoft-extends-44-billion-dollar-offer-for-yahoo-1.PNG]
0.5847s - [WARN ]       Corrupted image file [/assets/posts/2008/entry-11-northern-lights-in-vancouver-2.jpg]
0.5859s - [WARN ]       Corrupted image file [/assets/posts/2008/entry-16-baby-penguins-washing-up-on-distant-shores-1.jpg]
0.5883s - [WARN ]       Corrupted image file [/assets/posts/2008/entry-29-missouri-community-embraces-the-wind-1.]
0.6059s - [WARN ]       Corrupted image file [/assets/posts/2009/heroes-24-lost-1.jpg]
0.6279s - [WARN ]       Corrupted image file [/assets/posts/2009/space-weather-and-the-northern-lights-1.jpg]
0.6305s - [WARN ]       Corrupted image file [/assets/posts/2009/out-with-the-old-in-with-the-new-1.]
0.8671s - [INFO ]     Executing plugin [seo]
0.8672s - [INFO ]     Executing plugin [wordpress]
0.8771s - [INFO ]   Generating single content pages for [pages]
0.8959s - [INFO ]   Generating single content pages for [posts]
1.2171s - [INFO ]   Generating index & paginated content for [posts]
1.2843s - [INFO ]   Generating home content for [posts]
1.3485s - [INFO ]   Generating taxonomy pages for [posts]
1.9843s - [INFO ]   Writing [robots.txt]
2.0137s - [INFO ]   Writing [sitemap.xml]
2.0137s - [INFO ] Total entries processed [2117], HTML pages generated [5414]
2.0137s - [INFO ] Your website is now ready to view. You can run 'php crossroads serve' to view it.
2.0137s - [INFO ] Finished executing [BUILD] command, total time taken 2.014s

0.0001s - [INFO ] Log file active at [_logs/2024-11-07-build.log]
0.0001s - [INFO ] Executing command [BUILD] on [2024-11-07] at [01:24:06]
0.0002s - [INFO ] Starting static website build
0.0028s - [INFO ]   Loading theme [lumen]
0.0030s - [INFO ]     Theme successfull loaded
0.0049s - [INFO ]   Loading content type [pages]
0.0125s - [INFO ]   Loading content type [posts]
0.4626s - [INFO ]   Processing plugins for [pages]
0.4627s - [INFO ]     Executing plugin [image]
0.5945s - [INFO ]     Executing plugin [seo]
0.5945s - [INFO ]     Executing plugin [wordpress]
0.5959s - [INFO ]   Processing plugins for [posts]
0.5959s - [INFO ]     Executing plugin [image]
0.6327s - [WARN ]       Corrupted image file [/assets/posts/2006/goodbye-summer-hello-autumn-1.jpg]
0.6941s - [WARN ]       Corrupted image file [/assets/posts/2007/transformers-the-movie-almost-here-1.jpg]
0.7573s - [WARN ]       Corrupted image file [/assets/posts/2007/say-it-aint-so-devon-1.jpg]
0.7620s - [WARN ]       Corrupted image file [/assets/posts/2007/heroes-season-two-finale-2.jpg]
0.8048s - [WARN ]       Corrupted image file [/assets/posts/2008/microsoft-extends-44-billion-dollar-offer-for-yahoo-1.PNG]
0.8707s - [WARN ]       Corrupted image file [/assets/posts/2008/entry-11-northern-lights-in-vancouver-2.jpg]
0.8758s - [WARN ]       Corrupted image file [/assets/posts/2008/entry-16-baby-penguins-washing-up-on-distant-shores-1.jpg]
0.8855s - [WARN ]       Corrupted image file [/assets/posts/2008/entry-29-missouri-community-embraces-the-wind-1.]
0.9515s - [WARN ]       Corrupted image file [/assets/posts/2009/heroes-24-lost-1.jpg]
1.0390s - [WARN ]       Corrupted image file [/assets/posts/2009/space-weather-and-the-northern-lights-1.jpg]
1.0484s - [WARN ]       Corrupted image file [/assets/posts/2009/out-with-the-old-in-with-the-new-1.]
1.3055s - [INFO ]     Executing plugin [seo]
1.3056s - [INFO ]     Executing plugin [wordpress]
1.3156s - [INFO ]   Generating single content pages for [pages]
1.3233s - [INFO ]   Generating single content pages for [posts]
1.6605s - [INFO ]   Generating index & paginated content for [posts]
1.7256s - [INFO ]   Generating home content for [posts]
1.8052s - [INFO ]   Generating taxonomy pages for [posts]
2.4598s - [INFO ]   Writing [robots.txt]
2.4912s - [INFO ]   Writing [sitemap.xml]
2.4912s - [INFO ] Total entries processed [2117], HTML pages generated [5414]
2.4912s - [INFO ] Your website is now ready to view. You can run 'php crossroads serve' to view it.
2.4912s - [INFO ] Finished executing [BUILD] command, total time taken 2.491s

0.0001s - [INFO ] Log file active at [_logs/2024-11-07-build.log]
0.0003s - [INFO ] Executing command [BUILD] on [2024-11-07] at [01:27:20]
0.0003s - [INFO ] Starting static website build
0.0034s - [INFO ]   Loading theme [lumen]
0.0036s - [INFO ]     Theme successfull loaded
0.0069s - [INFO ]   Loading content type [pages]
0.0157s - [INFO ]   Loading content type [posts]
0.5120s - [INFO ]   Processing plugins for [pages]
0.5120s - [INFO ]     Executing plugin [image]
0.6343s - [INFO ]     Executing plugin [seo]
0.6343s - [INFO ]     Executing plugin [wordpress]
0.6357s - [INFO ]   Processing plugins for [posts]
0.6357s - [INFO ]     Executing plugin [image]
0.6669s - [WARN ]       Corrupted image file [/assets/posts/2006/goodbye-summer-hello-autumn-1.jpg]
0.7263s - [WARN ]       Corrupted image file [/assets/posts/2007/transformers-the-movie-almost-here-1.jpg]
0.7855s - [WARN ]       Corrupted image file [/assets/posts/2007/say-it-aint-so-devon-1.jpg]
0.7896s - [WARN ]       Corrupted image file [/assets/posts/2007/heroes-season-two-finale-2.jpg]
0.8305s - [WARN ]       Corrupted image file [/assets/posts/2008/microsoft-extends-44-billion-dollar-offer-for-yahoo-1.PNG]
0.8939s - [WARN ]       Corrupted image file [/assets/posts/2008/entry-11-northern-lights-in-vancouver-2.jpg]
0.8976s - [WARN ]       Corrupted image file [/assets/posts/2008/entry-16-baby-penguins-washing-up-on-distant-shores-1.jpg]
0.9053s - [WARN ]       Corrupted image file [/assets/posts/2008/entry-29-missouri-community-embraces-the-wind-1.]
0.9678s - [WARN ]       Corrupted image file [/assets/posts/2009/heroes-24-lost-1.jpg]
1.0500s - [WARN ]       Corrupted image file [/assets/posts/2009/space-weather-and-the-northern-lights-1.jpg]
1.0588s - [WARN ]       Corrupted image file [/assets/posts/2009/out-with-the-old-in-with-the-new-1.]
2.0968s - [INFO ]     Executing plugin [seo]
2.0969s - [INFO ]     Executing plugin [wordpress]
2.1067s - [INFO ]   Generating single content pages for [pages]
2.1125s - [INFO ]   Generating single content pages for [posts]
2.4027s - [INFO ]   Generating index & paginated content for [posts]

0.0002s - [INFO ] Log file active at [_logs/2024-11-07-build.log]
0.0003s - [INFO ] Executing command [BUILD] on [2024-11-07] at [01:32:45]
0.0003s - [INFO ] Starting static website build
0.0028s - [INFO ]   Loading theme [lumen]
0.0029s - [INFO ]     Theme successfull loaded
0.0059s - [INFO ]   Loading content type [pages]
0.0134s - [INFO ]   Loading content type [posts]
0.4640s - [INFO ]   Processing plugins for [pages]
0.4640s - [INFO ]     Executing plugin [image]
0.5943s - [INFO ]     Executing plugin [seo]
0.5943s - [INFO ]     Executing plugin [wordpress]
0.5957s - [INFO ]   Processing plugins for [posts]
0.5957s - [INFO ]     Executing plugin [image]
0.6327s - [WARN ]       Corrupted image file [/assets/posts/2006/goodbye-summer-hello-autumn-1.jpg]
0.6941s - [WARN ]       Corrupted image file [/assets/posts/2007/transformers-the-movie-almost-here-1.jpg]
0.7594s - [WARN ]       Corrupted image file [/assets/posts/2007/say-it-aint-so-devon-1.jpg]
0.7660s - [WARN ]       Corrupted image file [/assets/posts/2007/heroes-season-two-finale-2.jpg]
0.8106s - [WARN ]       Corrupted image file [/assets/posts/2008/microsoft-extends-44-billion-dollar-offer-for-yahoo-1.PNG]
0.8775s - [WARN ]       Corrupted image file [/assets/posts/2008/entry-11-northern-lights-in-vancouver-2.jpg]
0.8827s - [WARN ]       Corrupted image file [/assets/posts/2008/entry-16-baby-penguins-washing-up-on-distant-shores-1.jpg]
0.8925s - [WARN ]       Corrupted image file [/assets/posts/2008/entry-29-missouri-community-embraces-the-wind-1.]
0.9595s - [WARN ]       Corrupted image file [/assets/posts/2009/heroes-24-lost-1.jpg]
1.0457s - [WARN ]       Corrupted image file [/assets/posts/2009/space-weather-and-the-northern-lights-1.jpg]
1.0550s - [WARN ]       Corrupted image file [/assets/posts/2009/out-with-the-old-in-with-the-new-1.]
2.0920s - [INFO ]     Executing plugin [seo]
2.0921s - [INFO ]     Executing plugin [wordpress]
2.1018s - [INFO ]   Generating single content pages for [pages]
2.1194s - [INFO ]   Generating single content pages for [posts]
2.4153s - [INFO ]   Generating index & paginated content for [posts]
2.4899s - [INFO ]   Generating home content for [posts]
2.5592s - [INFO ]   Generating taxonomy pages for [posts]
3.2321s - [INFO ]   Writing [robots.txt]
3.2622s - [INFO ]   Writing [sitemap.xml]
3.2623s - [INFO ] Total entries processed [2117], HTML pages generated [5414]
3.2623s - [INFO ] Your website is now ready to view. You can run 'php crossroads serve' to view it.
3.2623s - [INFO ] Finished executing [BUILD] command, total time taken 3.262s

0.0001s - [INFO ] Log file active at [_logs/2024-11-07-build.log]
0.0001s - [INFO ] Executing command [BUILD] on [2024-11-07] at [01:32:52]
0.0001s - [INFO ] Starting static website build
0.0016s - [INFO ]   Loading theme [lumen]
0.0018s - [INFO ]     Theme successfull loaded
0.0028s - [INFO ]   Loading content type [pages]
0.0092s - [INFO ]   Loading content type [posts]
0.2959s - [INFO ]   Processing plugins for [pages]
0.2959s - [INFO ]     Executing plugin [image]
0.3254s - [INFO ]     Executing plugin [seo]
0.3254s - [INFO ]     Executing plugin [wordpress]
0.3267s - [INFO ]   Processing plugins for [posts]
0.3267s - [INFO ]     Executing plugin [image]
0.3365s - [WARN ]       Corrupted image file [/assets/posts/2006/goodbye-summer-hello-autumn-1.jpg]
0.3540s - [WARN ]       Corrupted image file [/assets/posts/2007/transformers-the-movie-almost-here-1.jpg]
0.3709s - [WARN ]       Corrupted image file [/assets/posts/2007/say-it-aint-so-devon-1.jpg]
0.3720s - [WARN ]       Corrupted image file [/assets/posts/2007/heroes-season-two-finale-2.jpg]
0.3839s - [WARN ]       Corrupted image file [/assets/posts/2008/microsoft-extends-44-billion-dollar-offer-for-yahoo-1.PNG]
0.4013s - [WARN ]       Corrupted image file [/assets/posts/2008/entry-11-northern-lights-in-vancouver-2.jpg]
0.4026s - [WARN ]       Corrupted image file [/assets/posts/2008/entry-16-baby-penguins-washing-up-on-distant-shores-1.jpg]
0.4050s - [WARN ]       Corrupted image file [/assets/posts/2008/entry-29-missouri-community-embraces-the-wind-1.]
0.4233s - [WARN ]       Corrupted image file [/assets/posts/2009/heroes-24-lost-1.jpg]
0.4462s - [WARN ]       Corrupted image file [/assets/posts/2009/space-weather-and-the-northern-lights-1.jpg]
0.4489s - [WARN ]       Corrupted image file [/assets/posts/2009/out-with-the-old-in-with-the-new-1.]
0.6858s - [INFO ]     Executing plugin [seo]
0.6859s - [INFO ]     Executing plugin [wordpress]
0.6958s - [INFO ]   Generating single content pages for [pages]

0.0002s - [INFO ] Log file active at [_logs/2024-11-07-build.log]
0.0002s - [INFO ] Executing command [BUILD] on [2024-11-07] at [01:32:57]
0.0003s - [INFO ] Starting static website build
0.0017s - [INFO ]   Loading theme [lumen]
0.0019s - [INFO ]     Theme successfull loaded
0.0029s - [INFO ]   Loading content type [pages]
0.0081s - [INFO ]   Loading content type [posts]
0.2738s - [INFO ]   Processing plugins for [pages]
0.2738s - [INFO ]     Executing plugin [image]
0.3033s - [INFO ]     Executing plugin [seo]
0.3033s - [INFO ]     Executing plugin [wordpress]
0.3046s - [INFO ]   Processing plugins for [posts]
0.3047s - [INFO ]     Executing plugin [image]
0.3142s - [WARN ]       Corrupted image file [/assets/posts/2006/goodbye-summer-hello-autumn-1.jpg]
0.3315s - [WARN ]       Corrupted image file [/assets/posts/2007/transformers-the-movie-almost-here-1.jpg]
0.3487s - [WARN ]       Corrupted image file [/assets/posts/2007/say-it-aint-so-devon-1.jpg]
0.3498s - [WARN ]       Corrupted image file [/assets/posts/2007/heroes-season-two-finale-2.jpg]
0.3616s - [WARN ]       Corrupted image file [/assets/posts/2008/microsoft-extends-44-billion-dollar-offer-for-yahoo-1.PNG]
0.3805s - [WARN ]       Corrupted image file [/assets/posts/2008/entry-11-northern-lights-in-vancouver-2.jpg]
0.3818s - [WARN ]       Corrupted image file [/assets/posts/2008/entry-16-baby-penguins-washing-up-on-distant-shores-1.jpg]
0.3843s - [WARN ]       Corrupted image file [/assets/posts/2008/entry-29-missouri-community-embraces-the-wind-1.]
0.4030s - [WARN ]       Corrupted image file [/assets/posts/2009/heroes-24-lost-1.jpg]
0.4257s - [WARN ]       Corrupted image file [/assets/posts/2009/space-weather-and-the-northern-lights-1.jpg]
0.4285s - [WARN ]       Corrupted image file [/assets/posts/2009/out-with-the-old-in-with-the-new-1.]
0.6763s - [INFO ]     Executing plugin [seo]
0.6764s - [INFO ]     Executing plugin [wordpress]
0.6863s - [INFO ]   Generating single content pages for [pages]
0.6974s - [INFO ]   Generating single content pages for [posts]
0.9369s - [INFO ]   Generating index & paginated content for [posts]
0.9993s - [INFO ]   Generating home content for [posts]
1.0617s - [INFO ]   Generating taxonomy pages for [posts]
1.6396s - [INFO ]   Writing [robots.txt]
1.6727s - [INFO ]   Writing [sitemap.xml]
1.6728s - [INFO ] Total entries processed [2117], HTML pages generated [5414]
1.6728s - [INFO ] Your website is now ready to view. You can run 'php crossroads serve' to view it.
1.6728s - [INFO ] Finished executing [BUILD] command, total time taken 1.673s

0.0001s - [INFO ] Log file active at [_logs/2024-11-07-build.log]
0.0001s - [INFO ] Executing command [BUILD] on [2024-11-07] at [01:33:07]
0.0001s - [INFO ] Starting static website build
0.0017s - [INFO ]   Loading theme [lumen]
0.0019s - [INFO ]     Theme successfull loaded
0.0030s - [INFO ]   Loading content type [pages]
0.0086s - [INFO ]   Loading content type [posts]
0.2771s - [INFO ]   Processing plugins for [pages]
0.2771s - [INFO ]     Executing plugin [image]
0.3071s - [INFO ]     Executing plugin [seo]
0.3071s - [INFO ]     Executing plugin [wordpress]
0.3084s - [INFO ]   Processing plugins for [posts]
0.3084s - [INFO ]     Executing plugin [image]
0.3181s - [WARN ]       Corrupted image file [/assets/posts/2006/goodbye-summer-hello-autumn-1.jpg]
0.3350s - [WARN ]       Corrupted image file [/assets/posts/2007/transformers-the-movie-almost-here-1.jpg]
0.3524s - [WARN ]       Corrupted image file [/assets/posts/2007/say-it-aint-so-devon-1.jpg]
0.3535s - [WARN ]       Corrupted image file [/assets/posts/2007/heroes-season-two-finale-2.jpg]
0.3658s - [WARN ]       Corrupted image file [/assets/posts/2008/microsoft-extends-44-billion-dollar-offer-for-yahoo-1.PNG]
0.3830s - [WARN ]       Corrupted image file [/assets/posts/2008/entry-11-northern-lights-in-vancouver-2.jpg]
0.3843s - [WARN ]       Corrupted image file [/assets/posts/2008/entry-16-baby-penguins-washing-up-on-distant-shores-1.jpg]
0.3868s - [WARN ]       Corrupted image file [/assets/posts/2008/entry-29-missouri-community-embraces-the-wind-1.]
0.4053s - [WARN ]       Corrupted image file [/assets/posts/2009/heroes-24-lost-1.jpg]
0.4286s - [WARN ]       Corrupted image file [/assets/posts/2009/space-weather-and-the-northern-lights-1.jpg]
0.4316s - [WARN ]       Corrupted image file [/assets/posts/2009/out-with-the-old-in-with-the-new-1.]
0.6729s - [INFO ]     Executing plugin [seo]
0.6731s - [INFO ]     Executing plugin [wordpress]
0.6830s - [INFO ]   Generating single content pages for [pages]
0.6954s - [INFO ]   Generating single content pages for [posts]
1.0330s - [INFO ]   Generating index & paginated content for [posts]
1.0965s - [INFO ]   Generating home content for [posts]
1.1600s - [INFO ]   Generating taxonomy pages for [posts]
1.8146s - [INFO ]   Writing [robots.txt]
1.8458s - [INFO ]   Writing [sitemap.xml]
1.8458s - [INFO ] Total entries processed [2117], HTML pages generated [5414]
1.8459s - [INFO ] Your website is now ready to view. You can run 'php crossroads serve' to view it.
1.8459s - [INFO ] Finished executing [BUILD] command, total time taken 1.846s

0.0003s - [INFO ] Log file active at [_logs/2024-11-07-build.log]
0.0005s - [INFO ] Executing command [BUILD] on [2024-11-07] at [01:38:39]
0.0005s - [INFO ] Starting static website build
0.0035s - [INFO ]   Loading theme [lumen]
0.0036s - [INFO ]     Theme successfull loaded
0.0070s - [INFO ]   Loading content type [pages]
0.0159s - [INFO ]   Loading content type [posts]
0.5172s - [INFO ]   Processing plugins for [pages]
0.5172s - [INFO ]     Executing plugin [image]
0.6483s - [INFO ]     Executing plugin [seo]
0.6484s - [INFO ]     Executing plugin [wordpress]
0.6497s - [INFO ]   Processing plugins for [posts]
0.6497s - [INFO ]     Executing plugin [image]
0.6869s - [WARN ]       Corrupted image file [/assets/posts/2006/goodbye-summer-hello-autumn-1.jpg]
0.7546s - [WARN ]       Corrupted image file [/assets/posts/2007/transformers-the-movie-almost-here-1.jpg]
0.8182s - [WARN ]       Corrupted image file [/assets/posts/2007/say-it-aint-so-devon-1.jpg]
0.8231s - [WARN ]       Corrupted image file [/assets/posts/2007/heroes-season-two-finale-2.jpg]
0.8669s - [WARN ]       Corrupted image file [/assets/posts/2008/microsoft-extends-44-billion-dollar-offer-for-yahoo-1.PNG]
0.9348s - [WARN ]       Corrupted image file [/assets/posts/2008/entry-11-northern-lights-in-vancouver-2.jpg]
0.9400s - [WARN ]       Corrupted image file [/assets/posts/2008/entry-16-baby-penguins-washing-up-on-distant-shores-1.jpg]
0.9499s - [WARN ]       Corrupted image file [/assets/posts/2008/entry-29-missouri-community-embraces-the-wind-1.]
1.0173s - [WARN ]       Corrupted image file [/assets/posts/2009/heroes-24-lost-1.jpg]
1.1054s - [WARN ]       Corrupted image file [/assets/posts/2009/space-weather-and-the-northern-lights-1.jpg]
1.1148s - [WARN ]       Corrupted image file [/assets/posts/2009/out-with-the-old-in-with-the-new-1.]
2.2014s - [INFO ]     Executing plugin [seo]
2.2015s - [INFO ]     Executing plugin [wordpress]
2.2112s - [INFO ]   Generating single content pages for [pages]
2.2191s - [INFO ]   Generating single content pages for [posts]
2.5517s - [INFO ]   Generating index & paginated content for [posts]
2.6405s - [INFO ]   Generating home content for [posts]
2.7122s - [INFO ]   Generating taxonomy pages for [posts]
3.4255s - [INFO ]   Writing [robots.txt]
3.4567s - [INFO ]   Writing [sitemap.xml]
3.4567s - [INFO ] Total entries processed [2117], HTML pages generated [5414]
3.4567s - [INFO ] Your website is now ready to view. You can run 'php crossroads serve' to view it.
3.4567s - [INFO ] Finished executing [BUILD] command, total time taken 3.456s

0.0001s - [INFO ] Log file active at [_logs/2024-11-07-build.log]
0.0003s - [INFO ] Executing command [BUILD] on [2024-11-07] at [01:39:53]
0.0003s - [INFO ] Starting static website build
0.0030s - [INFO ]   Loading theme [lumen]
0.0032s - [INFO ]     Theme successfull loaded
0.0075s - [INFO ]   Loading content type [pages]
0.0153s - [INFO ]   Loading content type [posts]
0.4667s - [INFO ]   Processing plugins for [pages]
0.4667s - [INFO ]     Executing plugin [image]
0.5898s - [INFO ]     Executing plugin [seo]
0.5899s - [INFO ]     Executing plugin [wordpress]
0.5912s - [INFO ]   Processing plugins for [posts]
0.5912s - [INFO ]     Executing plugin [image]
0.6223s - [WARN ]       Corrupted image file [/assets/posts/2006/goodbye-summer-hello-autumn-1.jpg]
0.6814s - [WARN ]       Corrupted image file [/assets/posts/2007/transformers-the-movie-almost-here-1.jpg]
0.7408s - [WARN ]       Corrupted image file [/assets/posts/2007/say-it-aint-so-devon-1.jpg]
0.7451s - [WARN ]       Corrupted image file [/assets/posts/2007/heroes-season-two-finale-2.jpg]
0.7866s - [WARN ]       Corrupted image file [/assets/posts/2008/microsoft-extends-44-billion-dollar-offer-for-yahoo-1.PNG]
0.8504s - [WARN ]       Corrupted image file [/assets/posts/2008/entry-11-northern-lights-in-vancouver-2.jpg]
0.8540s - [WARN ]       Corrupted image file [/assets/posts/2008/entry-16-baby-penguins-washing-up-on-distant-shores-1.jpg]
0.8617s - [WARN ]       Corrupted image file [/assets/posts/2008/entry-29-missouri-community-embraces-the-wind-1.]
0.9245s - [WARN ]       Corrupted image file [/assets/posts/2009/heroes-24-lost-1.jpg]
1.0077s - [WARN ]       Corrupted image file [/assets/posts/2009/space-weather-and-the-northern-lights-1.jpg]
1.0164s - [WARN ]       Corrupted image file [/assets/posts/2009/out-with-the-old-in-with-the-new-1.]
1.7519s - [INFO ]     Executing plugin [seo]
1.7520s - [INFO ]     Executing plugin [wordpress]
1.7615s - [INFO ]   Generating single content pages for [pages]
1.7671s - [INFO ]   Generating single content pages for [posts]
2.0968s - [INFO ]   Generating index & paginated content for [posts]
2.1638s - [INFO ]   Generating home content for [posts]
2.2295s - [INFO ]   Generating taxonomy pages for [posts]
2.8696s - [INFO ]   Writing [robots.txt]
2.9024s - [INFO ]   Writing [sitemap.xml]
2.9024s - [INFO ] Total entries processed [2117], HTML pages generated [5414]
2.9024s - [INFO ] Your website is now ready to view. You can run 'php crossroads serve' to view it.
2.9025s - [INFO ] Finished executing [BUILD] command, total time taken 2.902s

0.0001s - [INFO ] Log file active at [_logs/2024-11-07-build.log]
0.0002s - [INFO ] Executing command [BUILD] on [2024-11-07] at [01:40:45]
0.0003s - [INFO ] Starting static website build
0.0033s - [INFO ]   Loading theme [lumen]
0.0034s - [INFO ]     Theme successfull loaded
0.0073s - [INFO ]   Loading content type [pages]
0.0160s - [INFO ]   Loading content type [posts]
0.5131s - [INFO ]   Processing plugins for [pages]
0.5131s - [INFO ]     Executing plugin [image]
0.6428s - [INFO ]     Executing plugin [seo]
0.6428s - [INFO ]     Executing plugin [wordpress]
0.6442s - [INFO ]   Processing plugins for [posts]
0.6442s - [INFO ]     Executing plugin [image]
0.6809s - [WARN ]       Corrupted image file [/assets/posts/2006/goodbye-summer-hello-autumn-1.jpg]
0.7417s - [WARN ]       Corrupted image file [/assets/posts/2007/transformers-the-movie-almost-here-1.jpg]
0.8052s - [WARN ]       Corrupted image file [/assets/posts/2007/say-it-aint-so-devon-1.jpg]
0.8099s - [WARN ]       Corrupted image file [/assets/posts/2007/heroes-season-two-finale-2.jpg]
0.8527s - [WARN ]       Corrupted image file [/assets/posts/2008/microsoft-extends-44-billion-dollar-offer-for-yahoo-1.PNG]
0.9191s - [WARN ]       Corrupted image file [/assets/posts/2008/entry-11-northern-lights-in-vancouver-2.jpg]
0.9241s - [WARN ]       Corrupted image file [/assets/posts/2008/entry-16-baby-penguins-washing-up-on-distant-shores-1.jpg]
0.9338s - [WARN ]       Corrupted image file [/assets/posts/2008/entry-29-missouri-community-embraces-the-wind-1.]
1.0002s - [WARN ]       Corrupted image file [/assets/posts/2009/heroes-24-lost-1.jpg]
1.0862s - [WARN ]       Corrupted image file [/assets/posts/2009/space-weather-and-the-northern-lights-1.jpg]
1.0953s - [WARN ]       Corrupted image file [/assets/posts/2009/out-with-the-old-in-with-the-new-1.]
2.1723s - [INFO ]     Executing plugin [seo]
2.1724s - [INFO ]     Executing plugin [wordpress]
2.1821s - [INFO ]   Generating single content pages for [pages]
2.1884s - [INFO ]   Generating single content pages for [posts]
2.5116s - [INFO ]   Generating index & paginated content for [posts]
2.5780s - [INFO ]   Generating home content for [posts]
2.6447s - [INFO ]   Generating taxonomy pages for [posts]
3.2885s - [INFO ]   Writing [robots.txt]
3.3182s - [INFO ]   Writing [sitemap.xml]
3.3182s - [INFO ] Total entries processed [2117], HTML pages generated [5414]
3.3182s - [INFO ] Your website is now ready to view. You can run 'php crossroads serve' to view it.
3.3183s - [INFO ] Finished executing [BUILD] command, total time taken 3.318s

0.0001s - [INFO ] Log file active at [_logs/2024-11-07-build.log]
0.0002s - [INFO ] Executing command [BUILD] on [2024-11-07] at [01:42:14]
0.0003s - [INFO ] Starting static website build
0.0028s - [INFO ]   Loading theme [lumen]
0.0030s - [INFO ]     Theme successfull loaded
0.0057s - [INFO ]   Loading content type [pages]
0.0134s - [INFO ]   Loading content type [posts]
0.4595s - [INFO ]   Processing plugins for [pages]
0.4595s - [INFO ]     Executing plugin [image]
0.5613s - [INFO ]     Executing plugin [seo]
0.5614s - [INFO ]     Executing plugin [wordpress]
0.5628s - [INFO ]   Processing plugins for [posts]
0.5628s - [INFO ]     Executing plugin [image]
0.5721s - [WARN ]       Corrupted image file [/assets/posts/2006/goodbye-summer-hello-autumn-1.jpg]
0.5893s - [WARN ]       Corrupted image file [/assets/posts/2007/transformers-the-movie-almost-here-1.jpg]
0.6057s - [WARN ]       Corrupted image file [/assets/posts/2007/say-it-aint-so-devon-1.jpg]
0.6066s - [WARN ]       Corrupted image file [/assets/posts/2007/heroes-season-two-finale-2.jpg]
0.6179s - [WARN ]       Corrupted image file [/assets/posts/2008/microsoft-extends-44-billion-dollar-offer-for-yahoo-1.PNG]
0.6356s - [WARN ]       Corrupted image file [/assets/posts/2008/entry-11-northern-lights-in-vancouver-2.jpg]
0.6369s - [WARN ]       Corrupted image file [/assets/posts/2008/entry-16-baby-penguins-washing-up-on-distant-shores-1.jpg]
0.6392s - [WARN ]       Corrupted image file [/assets/posts/2008/entry-29-missouri-community-embraces-the-wind-1.]
0.6571s - [WARN ]       Corrupted image file [/assets/posts/2009/heroes-24-lost-1.jpg]
0.6795s - [WARN ]       Corrupted image file [/assets/posts/2009/space-weather-and-the-northern-lights-1.jpg]
0.6822s - [WARN ]       Corrupted image file [/assets/posts/2009/out-with-the-old-in-with-the-new-1.]
0.9203s - [INFO ]     Executing plugin [seo]
0.9204s - [INFO ]     Executing plugin [wordpress]
0.9303s - [INFO ]   Generating single content pages for [pages]
0.9359s - [INFO ]   Generating single content pages for [posts]
1.2347s - [INFO ]   Generating index & paginated content for [posts]
1.3006s - [INFO ]   Generating home content for [posts]
1.3667s - [INFO ]   Generating taxonomy pages for [posts]
1.9952s - [INFO ]   Writing [robots.txt]
2.0264s - [INFO ]   Writing [sitemap.xml]
2.0264s - [INFO ] Total entries processed [2117], HTML pages generated [5414]
2.0265s - [INFO ] Your website is now ready to view. You can run 'php crossroads serve' to view it.
2.0265s - [INFO ] Finished executing [BUILD] command, total time taken 2.026s

0.0001s - [INFO ] Log file active at [_logs/2024-11-07-build.log]
0.0001s - [INFO ] Executing command [BUILD] on [2024-11-07] at [01:44:00]
0.0001s - [INFO ] Starting static website build
0.0017s - [INFO ]   Loading theme [lumen]
0.0019s - [INFO ]     Theme successfull loaded
0.0031s - [INFO ]   Loading content type [pages]
0.0086s - [INFO ]   Loading content type [posts]
0.2762s - [INFO ]   Processing plugins for [pages]
0.2763s - [INFO ]     Executing plugin [image]
0.3055s - [INFO ]     Executing plugin [seo]
0.3055s - [INFO ]     Executing plugin [wordpress]
0.3069s - [INFO ]   Processing plugins for [posts]
0.3069s - [INFO ]     Executing plugin [image]
0.3160s - [WARN ]       Corrupted image file [/assets/posts/2006/goodbye-summer-hello-autumn-1.jpg]
0.3324s - [WARN ]       Corrupted image file [/assets/posts/2007/transformers-the-movie-almost-here-1.jpg]
0.3487s - [WARN ]       Corrupted image file [/assets/posts/2007/say-it-aint-so-devon-1.jpg]
0.3496s - [WARN ]       Corrupted image file [/assets/posts/2007/heroes-season-two-finale-2.jpg]
0.3611s - [WARN ]       Corrupted image file [/assets/posts/2008/microsoft-extends-44-billion-dollar-offer-for-yahoo-1.PNG]
0.3776s - [WARN ]       Corrupted image file [/assets/posts/2008/entry-11-northern-lights-in-vancouver-2.jpg]
0.3789s - [WARN ]       Corrupted image file [/assets/posts/2008/entry-16-baby-penguins-washing-up-on-distant-shores-1.jpg]
0.3814s - [WARN ]       Corrupted image file [/assets/posts/2008/entry-29-missouri-community-embraces-the-wind-1.]
0.3992s - [WARN ]       Corrupted image file [/assets/posts/2009/heroes-24-lost-1.jpg]
0.4213s - [WARN ]       Corrupted image file [/assets/posts/2009/space-weather-and-the-northern-lights-1.jpg]
0.4239s - [WARN ]       Corrupted image file [/assets/posts/2009/out-with-the-old-in-with-the-new-1.]
0.6536s - [INFO ]     Executing plugin [seo]
0.6538s - [INFO ]     Executing plugin [wordpress]
0.6636s - [INFO ]   Generating single content pages for [pages]
0.6760s - [INFO ]   Generating single content pages for [posts]
0.9734s - [INFO ]   Generating index & paginated content for [posts]
1.0901s - [INFO ]   Generating home content for [posts]
1.1628s - [INFO ]   Generating taxonomy pages for [posts]
1.8247s - [INFO ]   Writing [robots.txt]
1.8560s - [INFO ]   Writing [sitemap.xml]
1.8560s - [INFO ] Total entries processed [2117], HTML pages generated [5414]
1.8560s - [INFO ] Your website is now ready to view. You can run 'php crossroads serve' to view it.
1.8560s - [INFO ] Finished executing [BUILD] command, total time taken 1.856s

0.0001s - [INFO ] Log file active at [_logs/2024-11-07-build.log]
0.0002s - [INFO ] Executing command [BUILD] on [2024-11-07] at [01:45:29]
0.0002s - [INFO ] Starting static website build
0.0032s - [INFO ]   Loading theme [lumen]
0.0033s - [INFO ]     Theme successfull loaded
0.0066s - [INFO ]   Loading content type [pages]
0.0144s - [INFO ]   Loading content type [posts]
0.5043s - [INFO ]   Processing plugins for [pages]
0.5043s - [INFO ]     Executing plugin [image]
0.6325s - [INFO ]     Executing plugin [seo]
0.6325s - [INFO ]     Executing plugin [wordpress]
0.6339s - [INFO ]   Processing plugins for [posts]
0.6339s - [INFO ]     Executing plugin [image]
0.6699s - [WARN ]       Corrupted image file [/assets/posts/2006/goodbye-summer-hello-autumn-1.jpg]
0.7314s - [WARN ]       Corrupted image file [/assets/posts/2007/transformers-the-movie-almost-here-1.jpg]
0.7955s - [WARN ]       Corrupted image file [/assets/posts/2007/say-it-aint-so-devon-1.jpg]
0.8003s - [WARN ]       Corrupted image file [/assets/posts/2007/heroes-season-two-finale-2.jpg]
0.8420s - [WARN ]       Corrupted image file [/assets/posts/2008/microsoft-extends-44-billion-dollar-offer-for-yahoo-1.PNG]
0.9078s - [WARN ]       Corrupted image file [/assets/posts/2008/entry-11-northern-lights-in-vancouver-2.jpg]
0.9128s - [WARN ]       Corrupted image file [/assets/posts/2008/entry-16-baby-penguins-washing-up-on-distant-shores-1.jpg]
0.9215s - [WARN ]       Corrupted image file [/assets/posts/2008/entry-29-missouri-community-embraces-the-wind-1.]
0.9389s - [WARN ]       Corrupted image file [/assets/posts/2009/heroes-24-lost-1.jpg]
0.9609s - [WARN ]       Corrupted image file [/assets/posts/2009/space-weather-and-the-northern-lights-1.jpg]
0.9636s - [WARN ]       Corrupted image file [/assets/posts/2009/out-with-the-old-in-with-the-new-1.]
1.2001s - [INFO ]     Executing plugin [seo]
1.2002s - [INFO ]     Executing plugin [wordpress]
1.2100s - [INFO ]   Generating single content pages for [pages]
1.2235s - [INFO ]   Generating single content pages for [posts]
1.5063s - [INFO ]   Generating index & paginated content for [posts]
1.5782s - [INFO ]   Generating home content for [posts]
1.6406s - [INFO ]   Generating taxonomy pages for [posts]
2.2257s - [INFO ]   Writing [robots.txt]
2.2559s - [INFO ]   Writing [sitemap.xml]
2.2559s - [INFO ] Total entries processed [2117], HTML pages generated [5414]
2.2559s - [INFO ] Your website is now ready to view. You can run 'php crossroads serve' to view it.
2.2559s - [INFO ] Finished executing [BUILD] command, total time taken 2.256s

0.0001s - [INFO ] Log file active at [_logs/2024-11-07-build.log]
0.0001s - [INFO ] Executing command [BUILD] on [2024-11-07] at [01:45:49]
0.0001s - [INFO ] Starting static website build
0.0028s - [INFO ]   Loading theme [lumen]
0.0030s - [INFO ]     Theme successfull loaded
0.0047s - [INFO ]   Loading content type [pages]
0.0124s - [INFO ]   Loading content type [posts]
0.4638s - [INFO ]   Processing plugins for [pages]
0.4638s - [INFO ]     Executing plugin [image]
0.5890s - [INFO ]     Executing plugin [seo]
0.5890s - [INFO ]     Executing plugin [wordpress]
0.5904s - [INFO ]   Processing plugins for [posts]
0.5904s - [INFO ]     Executing plugin [image]
0.6064s - [WARN ]       Corrupted image file [/assets/posts/2006/goodbye-summer-hello-autumn-1.jpg]
0.6227s - [WARN ]       Corrupted image file [/assets/posts/2007/transformers-the-movie-almost-here-1.jpg]
0.6393s - [WARN ]       Corrupted image file [/assets/posts/2007/say-it-aint-so-devon-1.jpg]
0.6433s - [WARN ]       Corrupted image file [/assets/posts/2007/heroes-season-two-finale-2.jpg]
0.6852s - [WARN ]       Corrupted image file [/assets/posts/2008/microsoft-extends-44-billion-dollar-offer-for-yahoo-1.PNG]
0.7503s - [WARN ]       Corrupted image file [/assets/posts/2008/entry-11-northern-lights-in-vancouver-2.jpg]
0.7540s - [WARN ]       Corrupted image file [/assets/posts/2008/entry-16-baby-penguins-washing-up-on-distant-shores-1.jpg]
0.7619s - [WARN ]       Corrupted image file [/assets/posts/2008/entry-29-missouri-community-embraces-the-wind-1.]
0.8295s - [WARN ]       Corrupted image file [/assets/posts/2009/heroes-24-lost-1.jpg]
0.9169s - [WARN ]       Corrupted image file [/assets/posts/2009/space-weather-and-the-northern-lights-1.jpg]
0.9262s - [WARN ]       Corrupted image file [/assets/posts/2009/out-with-the-old-in-with-the-new-1.]
1.6363s - [INFO ]     Executing plugin [seo]
1.6364s - [INFO ]     Executing plugin [wordpress]
1.6462s - [INFO ]   Generating single content pages for [pages]
1.6503s - [INFO ]   Generating single content pages for [posts]
1.9366s - [INFO ]   Generating index & paginated content for [posts]
1.9993s - [INFO ]   Generating home content for [posts]
2.0629s - [INFO ]   Generating taxonomy pages for [posts]
2.6816s - [INFO ]   Writing [robots.txt]
2.7123s - [INFO ]   Writing [sitemap.xml]
2.7123s - [INFO ] Total entries processed [2117], HTML pages generated [5414]
2.7123s - [INFO ] Your website is now ready to view. You can run 'php crossroads serve' to view it.
2.7123s - [INFO ] Finished executing [BUILD] command, total time taken 2.712s

0.0012s - [INFO ] Log file active at [_logs/2024-11-07-build.log]
0.0016s - [INFO ] Executing command [BUILD] on [2024-11-07] at [01:51:54]
0.0016s - [INFO ] Starting static website build
0.0040s - [INFO ]   Loading theme [lumen]
0.0043s - [INFO ]     Theme successfull loaded
0.0071s - [INFO ]   Loading content type [pages]
0.0154s - [INFO ]   Loading content type [posts]
0.4959s - [INFO ]   Processing plugins for [pages]
0.4959s - [INFO ]     Executing plugin [image]
0.6195s - [INFO ]     Executing plugin [seo]
0.6195s - [INFO ]     Executing plugin [wordpress]
0.6209s - [INFO ]   Processing plugins for [posts]
0.6209s - [INFO ]     Executing plugin [image]
0.6521s - [WARN ]       Corrupted image file [/assets/posts/2006/goodbye-summer-hello-autumn-1.jpg]
0.7109s - [WARN ]       Corrupted image file [/assets/posts/2007/transformers-the-movie-almost-here-1.jpg]
0.7703s - [WARN ]       Corrupted image file [/assets/posts/2007/say-it-aint-so-devon-1.jpg]
0.7746s - [WARN ]       Corrupted image file [/assets/posts/2007/heroes-season-two-finale-2.jpg]
0.8159s - [WARN ]       Corrupted image file [/assets/posts/2008/microsoft-extends-44-billion-dollar-offer-for-yahoo-1.PNG]
0.8788s - [WARN ]       Corrupted image file [/assets/posts/2008/entry-11-northern-lights-in-vancouver-2.jpg]
0.8825s - [WARN ]       Corrupted image file [/assets/posts/2008/entry-16-baby-penguins-washing-up-on-distant-shores-1.jpg]
0.8902s - [WARN ]       Corrupted image file [/assets/posts/2008/entry-29-missouri-community-embraces-the-wind-1.]
0.9529s - [WARN ]       Corrupted image file [/assets/posts/2009/heroes-24-lost-1.jpg]
1.0349s - [WARN ]       Corrupted image file [/assets/posts/2009/space-weather-and-the-northern-lights-1.jpg]
1.0437s - [WARN ]       Corrupted image file [/assets/posts/2009/out-with-the-old-in-with-the-new-1.]
2.1168s - [INFO ]     Executing plugin [seo]
2.1169s - [INFO ]     Executing plugin [wordpress]
2.1267s - [INFO ]   Generating single content pages for [pages]
2.1322s - [INFO ]   Generating single content pages for [posts]
2.3936s - [INFO ]   Generating index & paginated content for [posts]
2.4568s - [INFO ]   Generating home content for [posts]
2.5200s - [INFO ]   Generating taxonomy pages for [posts]
3.0894s - [INFO ]   Writing [robots.txt]
3.1185s - [INFO ]   Writing [sitemap.xml]
3.1185s - [INFO ] Total entries processed [2117], HTML pages generated [5414]
3.1185s - [INFO ] Your website is now ready to view. You can run 'php crossroads serve' to view it.
3.1185s - [INFO ] Finished executing [BUILD] command, total time taken 3.117s

0.0002s - [INFO ] Log file active at [_logs/2024-11-07-build.log]
0.0002s - [INFO ] Executing command [BUILD] on [2024-11-07] at [01:52:08]
0.0002s - [INFO ] Starting static website build
0.0028s - [INFO ]   Loading theme [lumen]
0.0031s - [INFO ]     Theme successfull loaded
0.0049s - [INFO ]   Loading content type [pages]
0.0128s - [INFO ]   Loading content type [posts]
0.4629s - [INFO ]   Processing plugins for [pages]
0.4629s - [INFO ]     Executing plugin [image]
0.4921s - [INFO ]     Executing plugin [seo]
0.4922s - [INFO ]     Executing plugin [wordpress]
0.4936s - [INFO ]   Processing plugins for [posts]
0.4936s - [INFO ]     Executing plugin [image]
0.5029s - [WARN ]       Corrupted image file [/assets/posts/2006/goodbye-summer-hello-autumn-1.jpg]
0.5194s - [WARN ]       Corrupted image file [/assets/posts/2007/transformers-the-movie-almost-here-1.jpg]
0.5357s - [WARN ]       Corrupted image file [/assets/posts/2007/say-it-aint-so-devon-1.jpg]
0.5366s - [WARN ]       Corrupted image file [/assets/posts/2007/heroes-season-two-finale-2.jpg]
0.5481s - [WARN ]       Corrupted image file [/assets/posts/2008/microsoft-extends-44-billion-dollar-offer-for-yahoo-1.PNG]
0.5652s - [WARN ]       Corrupted image file [/assets/posts/2008/entry-11-northern-lights-in-vancouver-2.jpg]
0.5664s - [WARN ]       Corrupted image file [/assets/posts/2008/entry-16-baby-penguins-washing-up-on-distant-shores-1.jpg]
0.5688s - [WARN ]       Corrupted image file [/assets/posts/2008/entry-29-missouri-community-embraces-the-wind-1.]
0.5865s - [WARN ]       Corrupted image file [/assets/posts/2009/heroes-24-lost-1.jpg]
0.6082s - [WARN ]       Corrupted image file [/assets/posts/2009/space-weather-and-the-northern-lights-1.jpg]
0.6108s - [WARN ]       Corrupted image file [/assets/posts/2009/out-with-the-old-in-with-the-new-1.]
0.8492s - [INFO ]     Executing plugin [seo]
0.8493s - [INFO ]     Executing plugin [wordpress]
0.8592s - [INFO ]   Generating single content pages for [pages]
0.8640s - [INFO ]   Generating single content pages for [posts]
1.1158s - [INFO ]   Generating index & paginated content for [posts]
1.1789s - [INFO ]   Generating home content for [posts]
1.2416s - [INFO ]   Generating taxonomy pages for [posts]
1.8144s - [INFO ]   Writing [robots.txt]
1.8465s - [INFO ]   Writing [sitemap.xml]
1.8466s - [INFO ]   Writing [404.html]
1.8466s - [INFO ] Total entries processed [2117], HTML pages generated [5414]
1.8466s - [INFO ] Your website is now ready to view. You can run 'php crossroads serve' to view it.
1.8466s - [INFO ] Finished executing [BUILD] command, total time taken 1.846s

0.0001s - [INFO ] Log file active at [_logs/2024-11-07-build.log]
0.0002s - [INFO ] Executing command [BUILD] on [2024-11-07] at [01:53:12]
0.0003s - [INFO ] Starting static website build
0.0034s - [INFO ]   Loading theme [lumen]
0.0037s - [INFO ]     Theme successfull loaded
0.0070s - [INFO ]   Loading content type [pages]
0.0149s - [INFO ]   Loading content type [posts]
0.4982s - [INFO ]   Processing plugins for [pages]
0.4982s - [INFO ]     Executing plugin [image]
0.6286s - [INFO ]     Executing plugin [seo]
0.6286s - [INFO ]     Executing plugin [wordpress]
0.6299s - [INFO ]   Processing plugins for [posts]
0.6299s - [INFO ]     Executing plugin [image]
0.6660s - [WARN ]       Corrupted image file [/assets/posts/2006/goodbye-summer-hello-autumn-1.jpg]
0.7273s - [WARN ]       Corrupted image file [/assets/posts/2007/transformers-the-movie-almost-here-1.jpg]
0.7901s - [WARN ]       Corrupted image file [/assets/posts/2007/say-it-aint-so-devon-1.jpg]
0.7948s - [WARN ]       Corrupted image file [/assets/posts/2007/heroes-season-two-finale-2.jpg]
0.8375s - [WARN ]       Corrupted image file [/assets/posts/2008/microsoft-extends-44-billion-dollar-offer-for-yahoo-1.PNG]
0.9044s - [WARN ]       Corrupted image file [/assets/posts/2008/entry-11-northern-lights-in-vancouver-2.jpg]
0.9094s - [WARN ]       Corrupted image file [/assets/posts/2008/entry-16-baby-penguins-washing-up-on-distant-shores-1.jpg]
0.9190s - [WARN ]       Corrupted image file [/assets/posts/2008/entry-29-missouri-community-embraces-the-wind-1.]
0.9827s - [WARN ]       Corrupted image file [/assets/posts/2009/heroes-24-lost-1.jpg]
1.0658s - [WARN ]       Corrupted image file [/assets/posts/2009/space-weather-and-the-northern-lights-1.jpg]
1.0748s - [WARN ]       Corrupted image file [/assets/posts/2009/out-with-the-old-in-with-the-new-1.]
1.6629s - [INFO ]     Executing plugin [seo]
1.6630s - [INFO ]     Executing plugin [wordpress]
1.6729s - [INFO ]   Generating single content pages for [pages]
1.6780s - [INFO ]   Generating single content pages for [posts]
1.9425s - [INFO ]   Generating index & paginated content for [posts]
2.0057s - [INFO ]   Generating home content for [posts]
2.0685s - [INFO ]   Generating taxonomy pages for [posts]
2.6570s - [INFO ]   Writing [robots.txt]
2.6836s - [INFO ]   Writing [sitemap.xml]
2.6839s - [INFO ]   Writing [404.html]
2.6840s - [INFO ] Total entries processed [2117], HTML pages generated [5414]
2.6840s - [INFO ] Your website is now ready to view. You can run 'php crossroads serve' to view it.
2.6840s - [INFO ] Finished executing [BUILD] command, total time taken 2.684s

0.0001s - [INFO ] Log file active at [_logs/2024-11-07-build.log]
0.0003s - [INFO ] Executing command [BUILD] on [2024-11-07] at [01:54:51]
0.0003s - [INFO ] Starting static website build
0.0029s - [INFO ]   Loading theme [lumen]
0.0032s - [INFO ]     Theme successfull loaded
0.0069s - [INFO ]   Loading content type [pages]
0.0147s - [INFO ]   Loading content type [posts]
0.4684s - [INFO ]   Processing plugins for [pages]
0.4685s - [INFO ]     Executing plugin [image]
0.5947s - [INFO ]     Executing plugin [seo]
0.5947s - [INFO ]     Executing plugin [wordpress]
0.5962s - [INFO ]   Processing plugins for [posts]
0.5962s - [INFO ]     Executing plugin [image]
0.6288s - [WARN ]       Corrupted image file [/assets/posts/2006/goodbye-summer-hello-autumn-1.jpg]
0.6879s - [WARN ]       Corrupted image file [/assets/posts/2007/transformers-the-movie-almost-here-1.jpg]
0.7474s - [WARN ]       Corrupted image file [/assets/posts/2007/say-it-aint-so-devon-1.jpg]
0.7517s - [WARN ]       Corrupted image file [/assets/posts/2007/heroes-season-two-finale-2.jpg]
0.7937s - [WARN ]       Corrupted image file [/assets/posts/2008/microsoft-extends-44-billion-dollar-offer-for-yahoo-1.PNG]
0.8579s - [WARN ]       Corrupted image file [/assets/posts/2008/entry-11-northern-lights-in-vancouver-2.jpg]
0.8616s - [WARN ]       Corrupted image file [/assets/posts/2008/entry-16-baby-penguins-washing-up-on-distant-shores-1.jpg]
0.8693s - [WARN ]       Corrupted image file [/assets/posts/2008/entry-29-missouri-community-embraces-the-wind-1.]
0.9365s - [WARN ]       Corrupted image file [/assets/posts/2009/heroes-24-lost-1.jpg]
1.0235s - [WARN ]       Corrupted image file [/assets/posts/2009/space-weather-and-the-northern-lights-1.jpg]
1.0329s - [WARN ]       Corrupted image file [/assets/posts/2009/out-with-the-old-in-with-the-new-1.]
2.1044s - [INFO ]     Executing plugin [seo]
2.1045s - [INFO ]     Executing plugin [wordpress]
2.1143s - [INFO ]   Generating single content pages for [pages]
2.1196s - [INFO ]   Generating single content pages for [posts]
2.4121s - [INFO ]   Generating index & paginated content for [posts]
2.4756s - [INFO ]   Generating home content for [posts]
2.5393s - [INFO ]   Generating taxonomy pages for [posts]
3.1363s - [INFO ]   Writing [robots.txt]
3.1653s - [INFO ]   Writing [sitemap.xml]

0.0001s - [INFO ] Log file active at [_logs/2024-11-07-build.log]
0.0001s - [INFO ] Executing command [BUILD] on [2024-11-07] at [01:58:37]
0.0001s - [INFO ] Starting static website build
0.0027s - [INFO ]   Loading theme [lumen]
0.0030s - [INFO ]     Theme successfull loaded
0.0047s - [INFO ]   Loading content type [pages]
0.0133s - [INFO ]   Loading content type [posts]
0.4829s - [INFO ]   Processing plugins for [pages]
0.4829s - [INFO ]     Executing plugin [image]
0.5121s - [INFO ]     Executing plugin [seo]
0.5121s - [INFO ]     Executing plugin [wordpress]
0.5135s - [INFO ]   Processing plugins for [posts]
0.5135s - [INFO ]     Executing plugin [image]
0.5228s - [WARN ]       Corrupted image file [/assets/posts/2006/goodbye-summer-hello-autumn-1.jpg]
0.5395s - [WARN ]       Corrupted image file [/assets/posts/2007/transformers-the-movie-almost-here-1.jpg]
0.5562s - [WARN ]       Corrupted image file [/assets/posts/2007/say-it-aint-so-devon-1.jpg]
0.5573s - [WARN ]       Corrupted image file [/assets/posts/2007/heroes-season-two-finale-2.jpg]
0.5690s - [WARN ]       Corrupted image file [/assets/posts/2008/microsoft-extends-44-billion-dollar-offer-for-yahoo-1.PNG]
0.5870s - [WARN ]       Corrupted image file [/assets/posts/2008/entry-11-northern-lights-in-vancouver-2.jpg]
0.5883s - [WARN ]       Corrupted image file [/assets/posts/2008/entry-16-baby-penguins-washing-up-on-distant-shores-1.jpg]
0.5906s - [WARN ]       Corrupted image file [/assets/posts/2008/entry-29-missouri-community-embraces-the-wind-1.]
0.6082s - [WARN ]       Corrupted image file [/assets/posts/2009/heroes-24-lost-1.jpg]
0.6298s - [WARN ]       Corrupted image file [/assets/posts/2009/space-weather-and-the-northern-lights-1.jpg]
0.6325s - [WARN ]       Corrupted image file [/assets/posts/2009/out-with-the-old-in-with-the-new-1.]
0.8738s - [INFO ]     Executing plugin [seo]
0.8738s - [INFO ]     Executing plugin [wordpress]
0.8836s - [INFO ]   Generating single content pages for [pages]
0.8894s - [INFO ]   Generating single content pages for [posts]
1.1680s - [INFO ]   Generating index & paginated content for [posts]
1.2402s - [INFO ]   Generating home content for [posts]
1.3027s - [INFO ]   Generating taxonomy pages for [posts]
1.9569s - [INFO ]   Writing [robots.txt]
1.9855s - [INFO ]   Writing [sitemap.xml]

0.0002s - [INFO ] Log file active at [_logs/2024-11-07-build.log]
0.0002s - [INFO ] Executing command [BUILD] on [2024-11-07] at [01:59:19]
0.0003s - [INFO ] Starting static website build
0.0029s - [INFO ]   Loading theme [lumen]
0.0030s - [INFO ]     Theme successfull loaded
0.0048s - [INFO ]   Loading content type [pages]
0.0124s - [INFO ]   Loading content type [posts]
0.4674s - [INFO ]   Processing plugins for [pages]
0.4674s - [INFO ]     Executing plugin [image]
0.4969s - [INFO ]     Executing plugin [seo]
0.4969s - [INFO ]     Executing plugin [wordpress]
0.4983s - [INFO ]   Processing plugins for [posts]
0.4983s - [INFO ]     Executing plugin [image]
0.5076s - [WARN ]       Corrupted image file [/assets/posts/2006/goodbye-summer-hello-autumn-1.jpg]
0.5243s - [WARN ]       Corrupted image file [/assets/posts/2007/transformers-the-movie-almost-here-1.jpg]
0.5411s - [WARN ]       Corrupted image file [/assets/posts/2007/say-it-aint-so-devon-1.jpg]
0.5422s - [WARN ]       Corrupted image file [/assets/posts/2007/heroes-season-two-finale-2.jpg]
0.5538s - [WARN ]       Corrupted image file [/assets/posts/2008/microsoft-extends-44-billion-dollar-offer-for-yahoo-1.PNG]
0.5714s - [WARN ]       Corrupted image file [/assets/posts/2008/entry-11-northern-lights-in-vancouver-2.jpg]
0.5727s - [WARN ]       Corrupted image file [/assets/posts/2008/entry-16-baby-penguins-washing-up-on-distant-shores-1.jpg]
0.5752s - [WARN ]       Corrupted image file [/assets/posts/2008/entry-29-missouri-community-embraces-the-wind-1.]
0.5927s - [WARN ]       Corrupted image file [/assets/posts/2009/heroes-24-lost-1.jpg]
0.6145s - [WARN ]       Corrupted image file [/assets/posts/2009/space-weather-and-the-northern-lights-1.jpg]
0.6172s - [WARN ]       Corrupted image file [/assets/posts/2009/out-with-the-old-in-with-the-new-1.]
0.8549s - [INFO ]     Executing plugin [seo]
0.8550s - [INFO ]     Executing plugin [wordpress]
0.8649s - [INFO ]   Generating single content pages for [pages]
0.8697s - [INFO ]   Generating single content pages for [posts]
1.1456s - [INFO ]   Generating index & paginated content for [posts]
1.2097s - [INFO ]   Generating home content for [posts]
1.2735s - [INFO ]   Generating taxonomy pages for [posts]
1.8350s - [INFO ]   Writing [robots.txt]
1.8640s - [INFO ]   Writing [sitemap.xml]

0.0002s - [INFO ] Log file active at [_logs/2024-11-07-build.log]
0.0002s - [INFO ] Executing command [BUILD] on [2024-11-07] at [01:59:30]
0.0003s - [INFO ] Starting static website build
0.0029s - [INFO ]   Loading theme [lumen]
0.0031s - [INFO ]     Theme successfull loaded
0.0049s - [INFO ]   Loading content type [pages]
0.0126s - [INFO ]   Loading content type [posts]
0.4666s - [INFO ]   Processing plugins for [pages]
0.4666s - [INFO ]     Executing plugin [image]
0.4966s - [INFO ]     Executing plugin [seo]
0.4966s - [INFO ]     Executing plugin [wordpress]
0.4980s - [INFO ]   Processing plugins for [posts]
0.4980s - [INFO ]     Executing plugin [image]
0.5074s - [WARN ]       Corrupted image file [/assets/posts/2006/goodbye-summer-hello-autumn-1.jpg]
0.5241s - [WARN ]       Corrupted image file [/assets/posts/2007/transformers-the-movie-almost-here-1.jpg]
0.5410s - [WARN ]       Corrupted image file [/assets/posts/2007/say-it-aint-so-devon-1.jpg]
0.5420s - [WARN ]       Corrupted image file [/assets/posts/2007/heroes-season-two-finale-2.jpg]
0.5539s - [WARN ]       Corrupted image file [/assets/posts/2008/microsoft-extends-44-billion-dollar-offer-for-yahoo-1.PNG]
0.5715s - [WARN ]       Corrupted image file [/assets/posts/2008/entry-11-northern-lights-in-vancouver-2.jpg]
0.5727s - [WARN ]       Corrupted image file [/assets/posts/2008/entry-16-baby-penguins-washing-up-on-distant-shores-1.jpg]
0.5752s - [WARN ]       Corrupted image file [/assets/posts/2008/entry-29-missouri-community-embraces-the-wind-1.]
0.5932s - [WARN ]       Corrupted image file [/assets/posts/2009/heroes-24-lost-1.jpg]
0.6153s - [WARN ]       Corrupted image file [/assets/posts/2009/space-weather-and-the-northern-lights-1.jpg]
0.6181s - [WARN ]       Corrupted image file [/assets/posts/2009/out-with-the-old-in-with-the-new-1.]
0.8563s - [INFO ]     Executing plugin [seo]
0.8564s - [INFO ]     Executing plugin [wordpress]
0.8662s - [INFO ]   Generating single content pages for [pages]
0.8713s - [INFO ]   Generating single content pages for [posts]
1.1268s - [INFO ]   Generating index & paginated content for [posts]
1.1912s - [INFO ]   Generating home content for [posts]
1.2538s - [INFO ]   Generating taxonomy pages for [posts]
1.8170s - [INFO ]   Writing [robots.txt]
1.8500s - [INFO ]   Writing [sitemap.xml]

0.0001s - [INFO ] Log file active at [_logs/2024-11-07-build.log]
0.0002s - [INFO ] Executing command [BUILD] on [2024-11-07] at [02:01:38]
0.0003s - [INFO ] Starting static website build
0.0029s - [INFO ]   Loading theme [lumen]
0.0030s - [INFO ]     Theme successfull loaded
0.0050s - [INFO ]   Loading content type [pages]
0.0129s - [INFO ]   Loading content type [posts]
0.4962s - [INFO ]   Processing plugins for [pages]
0.4962s - [INFO ]     Executing plugin [image]
0.5258s - [INFO ]     Executing plugin [seo]
0.5258s - [INFO ]     Executing plugin [wordpress]
0.5272s - [INFO ]   Processing plugins for [posts]
0.5272s - [INFO ]     Executing plugin [image]
0.5366s - [WARN ]       Corrupted image file [/assets/posts/2006/goodbye-summer-hello-autumn-1.jpg]
0.5538s - [WARN ]       Corrupted image file [/assets/posts/2007/transformers-the-movie-almost-here-1.jpg]
0.5709s - [WARN ]       Corrupted image file [/assets/posts/2007/say-it-aint-so-devon-1.jpg]
0.5720s - [WARN ]       Corrupted image file [/assets/posts/2007/heroes-season-two-finale-2.jpg]
0.5838s - [WARN ]       Corrupted image file [/assets/posts/2008/microsoft-extends-44-billion-dollar-offer-for-yahoo-1.PNG]
0.6017s - [WARN ]       Corrupted image file [/assets/posts/2008/entry-11-northern-lights-in-vancouver-2.jpg]
0.6030s - [WARN ]       Corrupted image file [/assets/posts/2008/entry-16-baby-penguins-washing-up-on-distant-shores-1.jpg]
0.6055s - [WARN ]       Corrupted image file [/assets/posts/2008/entry-29-missouri-community-embraces-the-wind-1.]
0.6241s - [WARN ]       Corrupted image file [/assets/posts/2009/heroes-24-lost-1.jpg]
0.6466s - [WARN ]       Corrupted image file [/assets/posts/2009/space-weather-and-the-northern-lights-1.jpg]
0.6493s - [WARN ]       Corrupted image file [/assets/posts/2009/out-with-the-old-in-with-the-new-1.]
0.8890s - [INFO ]     Executing plugin [seo]
0.8891s - [INFO ]     Executing plugin [wordpress]
0.8991s - [INFO ]   Generating single content pages for [pages]
0.9047s - [INFO ]   Generating single content pages for [posts]
1.1836s - [INFO ]   Generating index & paginated content for [posts]
1.2467s - [INFO ]   Generating home content for [posts]
1.3093s - [INFO ]   Generating taxonomy pages for [posts]
1.8880s - [INFO ]   Writing [robots.txt]
1.9167s - [INFO ]   Writing [sitemap.xml]
1.9177s - [INFO ]   Writing [404.html]
1.9177s - [INFO ] Total entries processed [2117], HTML pages generated [5414]
1.9177s - [INFO ] Your website is now ready to view. You can run 'php crossroads serve' to view it.
1.9177s - [INFO ] Finished executing [BUILD] command, total time taken 1.917s

0.0001s - [INFO ] Log file active at [_logs/2024-11-07-build.log]
0.0002s - [INFO ] Executing command [BUILD] on [2024-11-07] at [02:02:37]
0.0003s - [INFO ] Starting static website build
0.0028s - [INFO ]   Loading theme [lumen]
0.0031s - [INFO ]     Theme successfull loaded
0.0070s - [INFO ]   Loading content type [pages]
0.0145s - [INFO ]   Loading content type [posts]
0.4698s - [INFO ]   Processing plugins for [pages]
0.4698s - [INFO ]     Executing plugin [image]
0.5998s - [INFO ]     Executing plugin [seo]
0.5998s - [INFO ]     Executing plugin [wordpress]
0.6012s - [INFO ]   Processing plugins for [posts]
0.6012s - [INFO ]     Executing plugin [image]
0.6379s - [WARN ]       Corrupted image file [/assets/posts/2006/goodbye-summer-hello-autumn-1.jpg]
0.6989s - [WARN ]       Corrupted image file [/assets/posts/2007/transformers-the-movie-almost-here-1.jpg]
0.7651s - [WARN ]       Corrupted image file [/assets/posts/2007/say-it-aint-so-devon-1.jpg]
0.7698s - [WARN ]       Corrupted image file [/assets/posts/2007/heroes-season-two-finale-2.jpg]
0.8124s - [WARN ]       Corrupted image file [/assets/posts/2008/microsoft-extends-44-billion-dollar-offer-for-yahoo-1.PNG]
0.8814s - [WARN ]       Corrupted image file [/assets/posts/2008/entry-11-northern-lights-in-vancouver-2.jpg]
0.8873s - [WARN ]       Corrupted image file [/assets/posts/2008/entry-16-baby-penguins-washing-up-on-distant-shores-1.jpg]
0.8985s - [WARN ]       Corrupted image file [/assets/posts/2008/entry-29-missouri-community-embraces-the-wind-1.]
0.9667s - [WARN ]       Corrupted image file [/assets/posts/2009/heroes-24-lost-1.jpg]
1.0719s - [WARN ]       Corrupted image file [/assets/posts/2009/space-weather-and-the-northern-lights-1.jpg]
1.0814s - [WARN ]       Corrupted image file [/assets/posts/2009/out-with-the-old-in-with-the-new-1.]
2.1858s - [INFO ]     Executing plugin [seo]
2.1859s - [INFO ]     Executing plugin [wordpress]
2.1956s - [INFO ]   Generating single content pages for [pages]
2.2011s - [INFO ]   Generating single content pages for [posts]
2.4778s - [INFO ]   Generating index & paginated content for [posts]
2.5422s - [INFO ]   Generating home content for [posts]
2.6064s - [INFO ]   Generating taxonomy pages for [posts]
3.2077s - [INFO ]   Writing [robots.txt]
3.2367s - [INFO ]   Writing [sitemap.xml]
3.2378s - [INFO ]   Writing [404.html]
3.2378s - [INFO ] Total entries processed [2117], HTML pages generated [5414]
3.2378s - [INFO ] Your website is now ready to view. You can run 'php crossroads serve' to view it.
3.2378s - [INFO ] Finished executing [BUILD] command, total time taken 3.238s

0.0003s - [INFO ] Log file active at [_logs/2024-11-07-build.log]
0.0003s - [INFO ] Executing command [BUILD] on [2024-11-07] at [02:03:12]
0.0004s - [INFO ] Starting static website build
0.0041s - [INFO ]   Loading theme [lumen]
0.0046s - [INFO ]     Theme successfull loaded
0.0072s - [INFO ]   Loading content type [pages]
0.0174s - [INFO ]   Loading content type [posts]
0.4734s - [INFO ]   Processing plugins for [pages]
0.4734s - [INFO ]     Executing plugin [image]
0.5030s - [INFO ]     Executing plugin [seo]
0.5030s - [INFO ]     Executing plugin [wordpress]
0.5043s - [INFO ]   Processing plugins for [posts]
0.5044s - [INFO ]     Executing plugin [image]
0.5138s - [WARN ]       Corrupted image file [/assets/posts/2006/goodbye-summer-hello-autumn-1.jpg]
0.5306s - [WARN ]       Corrupted image file [/assets/posts/2007/transformers-the-movie-almost-here-1.jpg]
0.5482s - [WARN ]       Corrupted image file [/assets/posts/2007/say-it-aint-so-devon-1.jpg]
0.5493s - [WARN ]       Corrupted image file [/assets/posts/2007/heroes-season-two-finale-2.jpg]
0.5610s - [WARN ]       Corrupted image file [/assets/posts/2008/microsoft-extends-44-billion-dollar-offer-for-yahoo-1.PNG]
0.5786s - [WARN ]       Corrupted image file [/assets/posts/2008/entry-11-northern-lights-in-vancouver-2.jpg]
0.5798s - [WARN ]       Corrupted image file [/assets/posts/2008/entry-16-baby-penguins-washing-up-on-distant-shores-1.jpg]
0.5823s - [WARN ]       Corrupted image file [/assets/posts/2008/entry-29-missouri-community-embraces-the-wind-1.]
0.6006s - [WARN ]       Corrupted image file [/assets/posts/2009/heroes-24-lost-1.jpg]
0.6233s - [WARN ]       Corrupted image file [/assets/posts/2009/space-weather-and-the-northern-lights-1.jpg]
0.6260s - [WARN ]       Corrupted image file [/assets/posts/2009/out-with-the-old-in-with-the-new-1.]
0.8660s - [INFO ]     Executing plugin [seo]
0.8661s - [INFO ]     Executing plugin [wordpress]
0.8761s - [INFO ]   Generating single content pages for [pages]
0.8814s - [INFO ]   Generating single content pages for [posts]
1.1960s - [INFO ]   Generating index & paginated content for [posts]
1.2691s - [INFO ]   Generating home content for [posts]
1.3443s - [INFO ]   Generating taxonomy pages for [posts]
2.0396s - [INFO ]   Writing [robots.txt]
2.0684s - [INFO ]   Writing [sitemap.xml]
2.0687s - [INFO ]   Writing [404.html]
2.0687s - [INFO ] Total entries processed [2117], HTML pages generated [5414]
2.0687s - [INFO ] Your website is now ready to view. You can run 'php crossroads serve' to view it.
2.0688s - [INFO ] Finished executing [BUILD] command, total time taken 2.068s

0.0003s - [INFO ] Log file active at [_logs/2024-11-07-build.log]
0.0005s - [INFO ] Executing command [BUILD] on [2024-11-07] at [02:11:28]
0.0005s - [INFO ] Starting static website build
0.0033s - [INFO ]   Loading theme [lumen]
0.0035s - [INFO ]     Theme successfull loaded
0.0123s - [INFO ]   Loading content type [pages]
0.0218s - [INFO ]   Loading content type [posts]
0.5222s - [INFO ]   Processing plugins for [pages]
0.5223s - [INFO ]     Executing plugin [image]
0.6554s - [INFO ]     Executing plugin [seo]
0.6554s - [INFO ]     Executing plugin [wordpress]
0.6568s - [INFO ]   Processing plugins for [posts]
0.6568s - [INFO ]     Executing plugin [image]
0.6939s - [WARN ]       Corrupted image file [/assets/posts/2006/goodbye-summer-hello-autumn-1.jpg]
0.7551s - [WARN ]       Corrupted image file [/assets/posts/2007/transformers-the-movie-almost-here-1.jpg]
0.8189s - [WARN ]       Corrupted image file [/assets/posts/2007/say-it-aint-so-devon-1.jpg]
0.8237s - [WARN ]       Corrupted image file [/assets/posts/2007/heroes-season-two-finale-2.jpg]
0.8666s - [WARN ]       Corrupted image file [/assets/posts/2008/microsoft-extends-44-billion-dollar-offer-for-yahoo-1.PNG]
0.9408s - [WARN ]       Corrupted image file [/assets/posts/2008/entry-11-northern-lights-in-vancouver-2.jpg]
0.9459s - [WARN ]       Corrupted image file [/assets/posts/2008/entry-16-baby-penguins-washing-up-on-distant-shores-1.jpg]
0.9556s - [WARN ]       Corrupted image file [/assets/posts/2008/entry-29-missouri-community-embraces-the-wind-1.]
1.0232s - [WARN ]       Corrupted image file [/assets/posts/2009/heroes-24-lost-1.jpg]
1.1188s - [WARN ]       Corrupted image file [/assets/posts/2009/space-weather-and-the-northern-lights-1.jpg]
1.1313s - [WARN ]       Corrupted image file [/assets/posts/2009/out-with-the-old-in-with-the-new-1.]
2.2676s - [INFO ]     Executing plugin [seo]
2.2677s - [INFO ]     Executing plugin [wordpress]
2.2779s - [INFO ]   Generating single content pages for [pages]
2.2853s - [INFO ]   Generating single content pages for [posts]
2.6536s - [INFO ]   Generating index & paginated content for [posts]
2.7197s - [INFO ]   Generating home content for [posts]
2.7883s - [INFO ]   Generating taxonomy pages for [posts]
3.4713s - [INFO ]   Writing [robots.txt]
3.5059s - [INFO ]   Writing [sitemap.xml]
3.5235s - [INFO ]   Writing [404.html]
3.5235s - [INFO ] Total entries processed [2117], HTML pages generated [5414]
3.5235s - [INFO ] Your website is now ready to view. You can run 'php crossroads serve' to view it.
3.5235s - [INFO ] Finished executing [BUILD] command, total time taken 3.523s
