0.0001s - [INFO ] Log file active at [_logs/2024-11-05-build.log]
0.0002s - [INFO ] Starting static website build
0.0018s - [INFO ]   Loading theme [lumen]
0.0019s - [INFO ]     Theme successfull loaded
0.0030s - [INFO ]   Loading content type [pages]
0.0085s - [INFO ]   Loading content type [posts]
0.2756s - [INFO ]   Processing plugins for [pages]
0.2756s - [INFO ]     Executing plugin [image]
0.3052s - [INFO ]     Executing plugin [seo]
0.3052s - [INFO ]     Executing plugin [wordpress]
0.3066s - [INFO ]   Processing plugins for [posts]
0.3066s - [INFO ]     Executing plugin [image]
0.3157s - [WARN ]       Corrupted image file [/assets/posts/2006/goodbye-summer-hello-autumn-1.jpg]
0.3319s - [WARN ]       Corrupted image file [/assets/posts/2007/transformers-the-movie-almost-here-1.jpg]
0.3488s - [WARN ]       Corrupted image file [/assets/posts/2007/say-it-aint-so-devon-1.jpg]
0.3498s - [WARN ]       Corrupted image file [/assets/posts/2007/heroes-season-two-finale-2.jpg]
0.3618s - [WARN ]       Corrupted image file [/assets/posts/2008/microsoft-extends-44-billion-dollar-offer-for-yahoo-1.PNG]
0.3786s - [WARN ]       Corrupted image file [/assets/posts/2008/entry-11-northern-lights-in-vancouver-2.jpg]
0.3799s - [WARN ]       Corrupted image file [/assets/posts/2008/entry-16-baby-penguins-washing-up-on-distant-shores-1.jpg]
0.3823s - [WARN ]       Corrupted image file [/assets/posts/2008/entry-29-missouri-community-embraces-the-wind-1.]
0.4003s - [WARN ]       Corrupted image file [/assets/posts/2009/heroes-24-lost-1.jpg]
0.4229s - [WARN ]       Corrupted image file [/assets/posts/2009/space-weather-and-the-northern-lights-1.jpg]
0.4255s - [WARN ]       Corrupted image file [/assets/posts/2009/out-with-the-old-in-with-the-new-1.]
0.6594s - [INFO ]     Executing plugin [seo]
0.6596s - [INFO ]     Executing plugin [wordpress]
0.6693s - [INFO ]   Generating single content pages for [pages]
0.6732s - [INFO ]   Generating single content pages for [posts]
0.9273s - [INFO ]   Generating index & paginated content for [posts]
0.9895s - [INFO ]   Generating home content for [posts]
1.0516s - [INFO ]   Generating taxonomy pages for [posts]
1.6028s - [INFO ]   Writing [robots.txt]
1.6334s - [INFO ]   Writing [sitemap.xml]
1.6334s - [INFO ] Total entries processed [2117], HTML pages generated [5414]
1.6334s - [INFO ] Your website is now ready to view. You can run 'php crossroads serve' to view it.
1.6334s - [INFO ] Finished executing [BUILD] command, total time taken 1.634s
0.0000s - [INFO ] Log file active at [_logs/2024-11-05-build.log]
0.0001s - [INFO ] Starting static website build
0.0016s - [INFO ]   Loading theme [lumen]
0.0017s - [INFO ]     Theme successfull loaded
0.0029s - [INFO ]   Loading content type [pages]
0.0079s - [INFO ]   Loading content type [posts]
0.2741s - [INFO ]   Processing plugins for [pages]
0.2741s - [INFO ]     Executing plugin [image]
0.3030s - [INFO ]     Executing plugin [seo]
0.3030s - [INFO ]     Executing plugin [wordpress]
0.3044s - [INFO ]   Processing plugins for [posts]
0.3044s - [INFO ]     Executing plugin [image]
0.3137s - [WARN ]       Corrupted image file [/assets/posts/2006/goodbye-summer-hello-autumn-1.jpg]
0.3303s - [WARN ]       Corrupted image file [/assets/posts/2007/transformers-the-movie-almost-here-1.jpg]
0.3469s - [WARN ]       Corrupted image file [/assets/posts/2007/say-it-aint-so-devon-1.jpg]
0.3479s - [WARN ]       Corrupted image file [/assets/posts/2007/heroes-season-two-finale-2.jpg]
0.3596s - [WARN ]       Corrupted image file [/assets/posts/2008/microsoft-extends-44-billion-dollar-offer-for-yahoo-1.PNG]
0.3782s - [WARN ]       Corrupted image file [/assets/posts/2008/entry-11-northern-lights-in-vancouver-2.jpg]
0.3795s - [WARN ]       Corrupted image file [/assets/posts/2008/entry-16-baby-penguins-washing-up-on-distant-shores-1.jpg]
0.3819s - [WARN ]       Corrupted image file [/assets/posts/2008/entry-29-missouri-community-embraces-the-wind-1.]
0.4002s - [WARN ]       Corrupted image file [/assets/posts/2009/heroes-24-lost-1.jpg]
0.4221s - [WARN ]       Corrupted image file [/assets/posts/2009/space-weather-and-the-northern-lights-1.jpg]
0.4248s - [WARN ]       Corrupted image file [/assets/posts/2009/out-with-the-old-in-with-the-new-1.]
0.6607s - [INFO ]     Executing plugin [seo]
0.6608s - [INFO ]     Executing plugin [wordpress]
0.6706s - [INFO ]   Generating single content pages for [pages]
0.6746s - [INFO ]   Generating single content pages for [posts]
0.9408s - [INFO ]   Generating index & paginated content for [posts]
1.0040s - [INFO ]   Generating home content for [posts]
1.0669s - [INFO ]   Generating taxonomy pages for [posts]
1.6456s - [INFO ]   Writing [robots.txt]
1.6736s - [INFO ]   Writing [sitemap.xml]
1.6736s - [INFO ] Total entries processed [2117], HTML pages generated [5414]
1.6736s - [INFO ] Your website is now ready to view. You can run 'php crossroads serve' to view it.
1.6736s - [INFO ] Finished executing [BUILD] command, total time taken 1.674s
0.0000s - [INFO ] Log file active at [_logs/2024-11-05-build.log]
0.0001s - [INFO ] Starting static website build
0.0016s - [INFO ]   Loading theme [lumen]
0.0017s - [INFO ]     Theme successfull loaded
0.0028s - [INFO ]   Loading content type [pages]
0.0088s - [INFO ]   Loading content type [posts]
0.2876s - [INFO ]   Processing plugins for [pages]
0.2876s - [INFO ]     Executing plugin [image]
0.3172s - [INFO ]     Executing plugin [seo]
0.3172s - [INFO ]     Executing plugin [wordpress]
0.3186s - [INFO ]   Processing plugins for [posts]
0.3186s - [INFO ]     Executing plugin [image]
0.3280s - [WARN ]       Corrupted image file [/assets/posts/2006/goodbye-summer-hello-autumn-1.jpg]
0.3451s - [WARN ]       Corrupted image file [/assets/posts/2007/transformers-the-movie-almost-here-1.jpg]
0.3623s - [WARN ]       Corrupted image file [/assets/posts/2007/say-it-aint-so-devon-1.jpg]
0.3636s - [WARN ]       Corrupted image file [/assets/posts/2007/heroes-season-two-finale-2.jpg]
0.3759s - [WARN ]       Corrupted image file [/assets/posts/2008/microsoft-extends-44-billion-dollar-offer-for-yahoo-1.PNG]
0.3931s - [WARN ]       Corrupted image file [/assets/posts/2008/entry-11-northern-lights-in-vancouver-2.jpg]
0.3944s - [WARN ]       Corrupted image file [/assets/posts/2008/entry-16-baby-penguins-washing-up-on-distant-shores-1.jpg]
0.3969s - [WARN ]       Corrupted image file [/assets/posts/2008/entry-29-missouri-community-embraces-the-wind-1.]
0.4151s - [WARN ]       Corrupted image file [/assets/posts/2009/heroes-24-lost-1.jpg]
0.4380s - [WARN ]       Corrupted image file [/assets/posts/2009/space-weather-and-the-northern-lights-1.jpg]
0.4408s - [WARN ]       Corrupted image file [/assets/posts/2009/out-with-the-old-in-with-the-new-1.]
0.6735s - [INFO ]     Executing plugin [seo]
0.6736s - [INFO ]     Executing plugin [wordpress]
0.6834s - [INFO ]   Generating single content pages for [pages]
0.6872s - [INFO ]   Generating single content pages for [posts]
0.9518s - [INFO ]   Generating index & paginated content for [posts]
1.0148s - [INFO ]   Generating home content for [posts]
1.0777s - [INFO ]   Generating taxonomy pages for [posts]
1.6555s - [INFO ]   Writing [robots.txt]
1.6846s - [INFO ]   Writing [sitemap.xml]
1.6847s - [INFO ] Total entries processed [2117], HTML pages generated [5414]
1.6847s - [INFO ] Your website is now ready to view. You can run 'php crossroads serve' to view it.
1.6847s - [INFO ] Finished executing [BUILD] command, total time taken 1.685s
0.0000s - [INFO ] Log file active at [_logs/2024-11-05-build.log]
0.0001s - [INFO ] Starting static website build
0.0017s - [INFO ]   Loading theme [lumen]
0.0018s - [INFO ]     Theme successfull loaded
0.0031s - [INFO ]   Loading content type [pages]
0.0086s - [INFO ]   Loading content type [posts]
0.2718s - [INFO ]   Processing plugins for [pages]
0.2718s - [INFO ]     Executing plugin [image]
0.3010s - [INFO ]     Executing plugin [seo]
0.3010s - [INFO ]     Executing plugin [wordpress]
0.3023s - [INFO ]   Processing plugins for [posts]
0.3023s - [INFO ]     Executing plugin [image]
0.3121s - [WARN ]       Corrupted image file [/assets/posts/2006/goodbye-summer-hello-autumn-1.jpg]
0.3306s - [WARN ]       Corrupted image file [/assets/posts/2007/transformers-the-movie-almost-here-1.jpg]
0.3491s - [WARN ]       Corrupted image file [/assets/posts/2007/say-it-aint-so-devon-1.jpg]
0.3504s - [WARN ]       Corrupted image file [/assets/posts/2007/heroes-season-two-finale-2.jpg]
0.3621s - [WARN ]       Corrupted image file [/assets/posts/2008/microsoft-extends-44-billion-dollar-offer-for-yahoo-1.PNG]
0.3791s - [WARN ]       Corrupted image file [/assets/posts/2008/entry-11-northern-lights-in-vancouver-2.jpg]
0.3804s - [WARN ]       Corrupted image file [/assets/posts/2008/entry-16-baby-penguins-washing-up-on-distant-shores-1.jpg]
0.3829s - [WARN ]       Corrupted image file [/assets/posts/2008/entry-29-missouri-community-embraces-the-wind-1.]
0.4017s - [WARN ]       Corrupted image file [/assets/posts/2009/heroes-24-lost-1.jpg]
0.4244s - [WARN ]       Corrupted image file [/assets/posts/2009/space-weather-and-the-northern-lights-1.jpg]
0.4271s - [WARN ]       Corrupted image file [/assets/posts/2009/out-with-the-old-in-with-the-new-1.]
0.6579s - [INFO ]     Executing plugin [seo]
0.6581s - [INFO ]     Executing plugin [wordpress]
0.6678s - [INFO ]   Generating single content pages for [pages]
0.6722s - [INFO ]   Generating single content pages for [posts]
0.9684s - [INFO ]   Generating index & paginated content for [posts]
1.0317s - [INFO ]   Generating home content for [posts]
1.0945s - [INFO ]   Generating taxonomy pages for [posts]
1.6774s - [INFO ]   Writing [robots.txt]
1.7080s - [INFO ]   Writing [sitemap.xml]
1.7080s - [INFO ] Total entries processed [2117], HTML pages generated [5414]
1.7080s - [INFO ] Your website is now ready to view. You can run 'php crossroads serve' to view it.
1.7080s - [INFO ] Finished executing [BUILD] command, total time taken 1.708s
0.0000s - [INFO ] Log file active at [_logs/2024-11-05-build.log]
0.0001s - [INFO ] Starting static website build
0.0017s - [INFO ]   Loading theme [lumen]
0.0018s - [INFO ]     Theme successfull loaded
0.0029s - [INFO ]   Loading content type [pages]
0.0082s - [INFO ]   Loading content type [posts]
0.2706s - [INFO ]   Processing plugins for [pages]
0.2706s - [INFO ]     Executing plugin [image]
0.2998s - [INFO ]     Executing plugin [seo]
0.2998s - [INFO ]     Executing plugin [wordpress]
0.3012s - [INFO ]   Processing plugins for [posts]
0.3012s - [INFO ]     Executing plugin [image]
0.3110s - [WARN ]       Corrupted image file [/assets/posts/2006/goodbye-summer-hello-autumn-1.jpg]
0.3278s - [WARN ]       Corrupted image file [/assets/posts/2007/transformers-the-movie-almost-here-1.jpg]
0.3452s - [WARN ]       Corrupted image file [/assets/posts/2007/say-it-aint-so-devon-1.jpg]
0.3462s - [WARN ]       Corrupted image file [/assets/posts/2007/heroes-season-two-finale-2.jpg]
0.3584s - [WARN ]       Corrupted image file [/assets/posts/2008/microsoft-extends-44-billion-dollar-offer-for-yahoo-1.PNG]
0.3755s - [WARN ]       Corrupted image file [/assets/posts/2008/entry-11-northern-lights-in-vancouver-2.jpg]
0.3768s - [WARN ]       Corrupted image file [/assets/posts/2008/entry-16-baby-penguins-washing-up-on-distant-shores-1.jpg]
0.3792s - [WARN ]       Corrupted image file [/assets/posts/2008/entry-29-missouri-community-embraces-the-wind-1.]
0.3976s - [WARN ]       Corrupted image file [/assets/posts/2009/heroes-24-lost-1.jpg]
0.4203s - [WARN ]       Corrupted image file [/assets/posts/2009/space-weather-and-the-northern-lights-1.jpg]
0.4231s - [WARN ]       Corrupted image file [/assets/posts/2009/out-with-the-old-in-with-the-new-1.]
0.6573s - [INFO ]     Executing plugin [seo]
0.6574s - [INFO ]     Executing plugin [wordpress]
0.6671s - [INFO ]   Generating single content pages for [pages]
0.6709s - [INFO ]   Generating single content pages for [posts]
0.9304s - [INFO ]   Generating index & paginated content for [posts]
0.9934s - [INFO ]   Generating home content for [posts]
1.0561s - [INFO ]   Generating taxonomy pages for [posts]
1.6492s - [INFO ]   Writing [robots.txt]
1.6786s - [INFO ]   Writing [sitemap.xml]
1.6787s - [INFO ] Total entries processed [2117], HTML pages generated [5414]
1.6787s - [INFO ] Your website is now ready to view. You can run 'php crossroads serve' to view it.
1.6787s - [INFO ] Finished executing [BUILD] command, total time taken 1.679s
0.0000s - [INFO ] Log file active at [_logs/2024-11-05-build.log]
0.0001s - [INFO ] Starting static website build
0.0017s - [INFO ]   Loading theme [lumen]
0.0019s - [INFO ]     Theme successfull loaded
0.0032s - [INFO ]   Loading content type [pages]
0.0093s - [INFO ]   Loading content type [posts]
0.2754s - [INFO ]   Processing plugins for [pages]
0.2754s - [INFO ]     Executing plugin [image]
0.3049s - [INFO ]     Executing plugin [seo]
0.3050s - [INFO ]     Executing plugin [wordpress]
0.3063s - [INFO ]   Processing plugins for [posts]
0.3063s - [INFO ]     Executing plugin [image]
0.3157s - [WARN ]       Corrupted image file [/assets/posts/2006/goodbye-summer-hello-autumn-1.jpg]
0.3326s - [WARN ]       Corrupted image file [/assets/posts/2007/transformers-the-movie-almost-here-1.jpg]
0.3497s - [WARN ]       Corrupted image file [/assets/posts/2007/say-it-aint-so-devon-1.jpg]
0.3507s - [WARN ]       Corrupted image file [/assets/posts/2007/heroes-season-two-finale-2.jpg]
0.3635s - [WARN ]       Corrupted image file [/assets/posts/2008/microsoft-extends-44-billion-dollar-offer-for-yahoo-1.PNG]
0.3808s - [WARN ]       Corrupted image file [/assets/posts/2008/entry-11-northern-lights-in-vancouver-2.jpg]
0.3822s - [WARN ]       Corrupted image file [/assets/posts/2008/entry-16-baby-penguins-washing-up-on-distant-shores-1.jpg]
0.3847s - [WARN ]       Corrupted image file [/assets/posts/2008/entry-29-missouri-community-embraces-the-wind-1.]
0.4032s - [WARN ]       Corrupted image file [/assets/posts/2009/heroes-24-lost-1.jpg]
0.4261s - [WARN ]       Corrupted image file [/assets/posts/2009/space-weather-and-the-northern-lights-1.jpg]
0.4289s - [WARN ]       Corrupted image file [/assets/posts/2009/out-with-the-old-in-with-the-new-1.]
0.6628s - [INFO ]     Executing plugin [seo]
0.6629s - [INFO ]     Executing plugin [wordpress]
0.6727s - [INFO ]   Generating single content pages for [pages]
0.6764s - [INFO ]   Generating single content pages for [posts]
0.9340s - [INFO ]   Generating index & paginated content for [posts]
0.9973s - [INFO ]   Generating home content for [posts]
1.0604s - [INFO ]   Generating taxonomy pages for [posts]
1.6759s - [INFO ]   Writing [robots.txt]
1.7057s - [INFO ]   Writing [sitemap.xml]
1.7057s - [INFO ] Total entries processed [2117], HTML pages generated [5414]
1.7057s - [INFO ] Your website is now ready to view. You can run 'php crossroads serve' to view it.
1.7057s - [INFO ] Finished executing [BUILD] command, total time taken 1.706s
0.0000s - [INFO ] Log file active at [_logs/2024-11-05-build.log]
0.0001s - [INFO ] Starting static website build
0.0016s - [INFO ]   Loading theme [lumen]
0.0018s - [INFO ]     Theme successfull loaded
0.0029s - [INFO ]   Loading content type [pages]
0.0083s - [INFO ]   Loading content type [posts]
0.2721s - [INFO ]   Processing plugins for [pages]
0.2721s - [INFO ]     Executing plugin [image]
0.3011s - [INFO ]     Executing plugin [seo]
0.3011s - [INFO ]     Executing plugin [wordpress]
0.3024s - [INFO ]   Processing plugins for [posts]
0.3025s - [INFO ]     Executing plugin [image]
0.3117s - [WARN ]       Corrupted image file [/assets/posts/2006/goodbye-summer-hello-autumn-1.jpg]
0.3282s - [WARN ]       Corrupted image file [/assets/posts/2007/transformers-the-movie-almost-here-1.jpg]
0.3449s - [WARN ]       Corrupted image file [/assets/posts/2007/say-it-aint-so-devon-1.jpg]
0.3459s - [WARN ]       Corrupted image file [/assets/posts/2007/heroes-season-two-finale-2.jpg]
0.3576s - [WARN ]       Corrupted image file [/assets/posts/2008/microsoft-extends-44-billion-dollar-offer-for-yahoo-1.PNG]
0.3743s - [WARN ]       Corrupted image file [/assets/posts/2008/entry-11-northern-lights-in-vancouver-2.jpg]
0.3756s - [WARN ]       Corrupted image file [/assets/posts/2008/entry-16-baby-penguins-washing-up-on-distant-shores-1.jpg]
0.3780s - [WARN ]       Corrupted image file [/assets/posts/2008/entry-29-missouri-community-embraces-the-wind-1.]
0.3960s - [WARN ]       Corrupted image file [/assets/posts/2009/heroes-24-lost-1.jpg]
0.4182s - [WARN ]       Corrupted image file [/assets/posts/2009/space-weather-and-the-northern-lights-1.jpg]
0.4209s - [WARN ]       Corrupted image file [/assets/posts/2009/out-with-the-old-in-with-the-new-1.]
0.6496s - [INFO ]     Executing plugin [seo]
0.6497s - [INFO ]     Executing plugin [wordpress]
0.6595s - [INFO ]   Generating single content pages for [pages]
0.6634s - [INFO ]   Generating single content pages for [posts]
0.9244s - [INFO ]   Generating index & paginated content for [posts]
0.9866s - [INFO ]   Generating home content for [posts]
1.0485s - [INFO ]   Generating taxonomy pages for [posts]
1.6212s - [INFO ]   Writing [robots.txt]
1.6492s - [INFO ]   Writing [sitemap.xml]
1.6492s - [INFO ] Total entries processed [2117], HTML pages generated [5414]
1.6492s - [INFO ] Your website is now ready to view. You can run 'php crossroads serve' to view it.
1.6493s - [INFO ] Finished executing [BUILD] command, total time taken 1.649s

0.0001s - [INFO ] Log file active at [_logs/2024-11-05-build.log]
0.0001s - [INFO ] Executing command [BUILD] on [2024-11-05] at [07:10:55]
0.0002s - [INFO ] Starting static website build
0.0018s - [INFO ]   Loading theme [lumen]
0.0020s - [INFO ]     Theme successfull loaded
0.0031s - [INFO ]   Loading content type [pages]
0.0090s - [INFO ]   Loading content type [posts]
0.2711s - [INFO ]   Processing plugins for [pages]
0.2711s - [INFO ]     Executing plugin [image]
0.3059s - [INFO ]     Executing plugin [seo]
0.3059s - [INFO ]     Executing plugin [wordpress]
0.3073s - [INFO ]   Processing plugins for [posts]
0.3074s - [INFO ]     Executing plugin [image]
0.3166s - [WARN ]       Corrupted image file [/assets/posts/2006/goodbye-summer-hello-autumn-1.jpg]
0.3332s - [WARN ]       Corrupted image file [/assets/posts/2007/transformers-the-movie-almost-here-1.jpg]
0.3501s - [WARN ]       Corrupted image file [/assets/posts/2007/say-it-aint-so-devon-1.jpg]
0.3511s - [WARN ]       Corrupted image file [/assets/posts/2007/heroes-season-two-finale-2.jpg]
0.3626s - [WARN ]       Corrupted image file [/assets/posts/2008/microsoft-extends-44-billion-dollar-offer-for-yahoo-1.PNG]
0.3809s - [WARN ]       Corrupted image file [/assets/posts/2008/entry-11-northern-lights-in-vancouver-2.jpg]
0.3822s - [WARN ]       Corrupted image file [/assets/posts/2008/entry-16-baby-penguins-washing-up-on-distant-shores-1.jpg]
0.3846s - [WARN ]       Corrupted image file [/assets/posts/2008/entry-29-missouri-community-embraces-the-wind-1.]
0.4027s - [WARN ]       Corrupted image file [/assets/posts/2009/heroes-24-lost-1.jpg]
0.4252s - [WARN ]       Corrupted image file [/assets/posts/2009/space-weather-and-the-northern-lights-1.jpg]
0.4279s - [WARN ]       Corrupted image file [/assets/posts/2009/out-with-the-old-in-with-the-new-1.]
0.6629s - [INFO ]     Executing plugin [seo]
0.6630s - [INFO ]     Executing plugin [wordpress]
0.6724s - [INFO ]   Generating single content pages for [pages]
0.6761s - [INFO ]   Generating single content pages for [posts]
0.9318s - [INFO ]   Generating index & paginated content for [posts]
0.9936s - [INFO ]   Generating home content for [posts]
1.0567s - [INFO ]   Generating taxonomy pages for [posts]
1.6489s - [INFO ]   Writing [robots.txt]
1.6792s - [INFO ]   Writing [sitemap.xml]
1.6792s - [INFO ] Total entries processed [2117], HTML pages generated [5414]
1.6792s - [INFO ] Your website is now ready to view. You can run 'php crossroads serve' to view it.
1.6793s - [INFO ] Finished executing [BUILD] command, total time taken 1.679s

0.0001s - [INFO ] Log file active at [_logs/2024-11-05-build.log]
0.0001s - [INFO ] Executing command [BUILD] on [2024-11-05] at [07:11:37]
0.0001s - [INFO ] Starting static website build
0.0017s - [INFO ]   Loading theme [lumen]
0.0018s - [INFO ]     Theme successfull loaded
0.0030s - [INFO ]   Loading content type [pages]
0.0085s - [INFO ]   Loading content type [posts]
0.2676s - [INFO ]   Processing plugins for [pages]
0.2676s - [INFO ]     Executing plugin [image]
0.2966s - [INFO ]     Executing plugin [seo]
0.2966s - [INFO ]     Executing plugin [wordpress]
0.2979s - [INFO ]   Processing plugins for [posts]
0.2979s - [INFO ]     Executing plugin [image]
0.3072s - [WARN ]       Corrupted image file [/assets/posts/2006/goodbye-summer-hello-autumn-1.jpg]
0.3238s - [WARN ]       Corrupted image file [/assets/posts/2007/transformers-the-movie-almost-here-1.jpg]
0.3406s - [WARN ]       Corrupted image file [/assets/posts/2007/say-it-aint-so-devon-1.jpg]
0.3416s - [WARN ]       Corrupted image file [/assets/posts/2007/heroes-season-two-finale-2.jpg]
0.3534s - [WARN ]       Corrupted image file [/assets/posts/2008/microsoft-extends-44-billion-dollar-offer-for-yahoo-1.PNG]
0.3701s - [WARN ]       Corrupted image file [/assets/posts/2008/entry-11-northern-lights-in-vancouver-2.jpg]
0.3713s - [WARN ]       Corrupted image file [/assets/posts/2008/entry-16-baby-penguins-washing-up-on-distant-shores-1.jpg]
0.3737s - [WARN ]       Corrupted image file [/assets/posts/2008/entry-29-missouri-community-embraces-the-wind-1.]
0.3917s - [WARN ]       Corrupted image file [/assets/posts/2009/heroes-24-lost-1.jpg]
0.4143s - [WARN ]       Corrupted image file [/assets/posts/2009/space-weather-and-the-northern-lights-1.jpg]
0.4170s - [WARN ]       Corrupted image file [/assets/posts/2009/out-with-the-old-in-with-the-new-1.]
0.6476s - [INFO ]     Executing plugin [seo]
0.6478s - [INFO ]     Executing plugin [wordpress]
0.6575s - [INFO ]   Generating single content pages for [pages]
0.6617s - [INFO ]   Generating single content pages for [posts]
0.9550s - [INFO ]   Generating index & paginated content for [posts]
1.0178s - [INFO ]   Generating home content for [posts]
1.0802s - [INFO ]   Generating taxonomy pages for [posts]
1.6326s - [INFO ]   Writing [robots.txt]
1.6639s - [INFO ]   Writing [sitemap.xml]
1.6639s - [INFO ] Total entries processed [2117], HTML pages generated [5414]
1.6640s - [INFO ] Your website is now ready to view. You can run 'php crossroads serve' to view it.
1.6640s - [INFO ] Finished executing [BUILD] command, total time taken 1.664s
