
0.0002s - [INFO ] Log file active at [_logs/2024-11-08-serve.log]
0.0003s - [INFO ] Executing command [SERVE] on [2024-11-08] at [01:56:08]
0.0006s - [INFO ]   Web server started, please open your browser to http://127.0.0.1:57720
0.0006s - [INFO ]   To shutdown the web server, press Ctrl-C
6.1259s - [DEBUG]     Incoming HTTP request from [/]
6.1263s - [DEBUG]       Sending response [200]
6.1264s - [DEBUG]       Sending 0 bytes of 70675
6.1264s - [DEBUG]       Sending 16384 bytes of 54291
6.1264s - [DEBUG]       Sending 32768 bytes of 37907
6.1264s - [DEBUG]       Sending 49152 bytes of 21523
6.1264s - [DEBUG]       Sending 65536 bytes of 5139
6.1264s - [DEBUG]       Sending 70675 bytes of 0
6.2093s - [DEBUG]     Incoming HTTP request from [/assets/lumen.css?v=ec56d80803beeff368c34f608eb80ae9]
6.2097s - [DEBUG]       Sending response [200]
6.2098s - [DEBUG]       Sending 0 bytes of 234376
6.2098s - [DEBUG]       Sending 16384 bytes of 217992
6.2098s - [DEBUG]       Sending 32768 bytes of 201608
6.2099s - [DEBUG]       Sending 49152 bytes of 185224
6.2099s - [DEBUG]       Sending 65536 bytes of 168840
6.2099s - [DEBUG]       Sending 81920 bytes of 152456
6.2099s - [DEBUG]       Sending 98304 bytes of 136072
6.2099s - [DEBUG]       Sending 114688 bytes of 119688
6.2099s - [DEBUG]       Sending 131072 bytes of 103304
6.2099s - [DEBUG]       Sending 147456 bytes of 86920
6.2100s - [DEBUG]       Sending 163840 bytes of 70536
6.2100s - [DEBUG]       Sending 180224 bytes of 54152
6.2100s - [DEBUG]       Sending 196608 bytes of 37768
6.2100s - [DEBUG]       Sending 212992 bytes of 21384
6.2101s - [DEBUG]       Sending 229376 bytes of 5000
6.2102s - [DEBUG]       Sending 234376 bytes of 0
6.2120s - [DEBUG]     Incoming HTTP request from [/assets/posts/2021/preparing-for-the-camino-del-norte-featured-1600w.jpg]
6.2125s - [DEBUG]       Sending response [200]
6.2125s - [DEBUG]       Sending 0 bytes of 237641
6.2125s - [DEBUG]       Sending 16384 bytes of 221257
6.2125s - [DEBUG]       Sending 32768 bytes of 204873
6.2126s - [DEBUG]       Sending 49152 bytes of 188489
6.2126s - [DEBUG]       Sending 65536 bytes of 172105
6.2127s - [DEBUG]       Sending 81920 bytes of 155721
6.2127s - [DEBUG]       Sending 98304 bytes of 139337
6.2127s - [DEBUG]       Sending 114688 bytes of 122953
6.2127s - [DEBUG]       Sending 131072 bytes of 106569
6.2127s - [DEBUG]       Sending 147456 bytes of 90185
6.2128s - [DEBUG]       Sending 163840 bytes of 73801
6.2128s - [DEBUG]       Sending 180224 bytes of 57417
6.2128s - [DEBUG]       Sending 196608 bytes of 41033
6.2128s - [DEBUG]       Sending 212992 bytes of 24649
6.2128s - [DEBUG]       Sending 229376 bytes of 8265
6.2128s - [DEBUG]       Sending 237641 bytes of 0
6.2129s - [DEBUG]     Incoming HTTP request from [/assets/posts/2021/the-year-the-earth-stood-still-featured-1600w.jpg]
6.2132s - [DEBUG]       Sending response [200]
6.2132s - [DEBUG]       Sending 0 bytes of 128042
6.2132s - [DEBUG]       Sending 16384 bytes of 111658
6.2133s - [DEBUG]       Sending 32768 bytes of 95274
6.2133s - [DEBUG]       Sending 49152 bytes of 78890
6.2133s - [DEBUG]       Sending 65536 bytes of 62506
6.2133s - [DEBUG]       Sending 81920 bytes of 46122
6.2133s - [DEBUG]       Sending 98304 bytes of 29738
6.2134s - [DEBUG]       Sending 114688 bytes of 13354
6.2134s - [DEBUG]       Sending 128042 bytes of 0
6.2134s - [DEBUG]     Incoming HTTP request from [/assets/posts/2021/walking-the-great-glen-way-in-scotland-featured.jpg]
6.2136s - [DEBUG]       Sending response [200]
6.2136s - [DEBUG]       Sending 0 bytes of 117091
6.2136s - [DEBUG]       Sending 16384 bytes of 100707
6.2137s - [DEBUG]       Sending 32768 bytes of 84323
6.2137s - [DEBUG]       Sending 49152 bytes of 67939
6.2137s - [DEBUG]       Sending 65536 bytes of 51555
6.2137s - [DEBUG]       Sending 81920 bytes of 35171
6.2137s - [DEBUG]       Sending 98304 bytes of 18787
6.2137s - [DEBUG]       Sending 114688 bytes of 2403
6.2137s - [DEBUG]       Sending 117091 bytes of 0
6.2137s - [DEBUG]     Incoming HTTP request from [/assets/posts/2021/walking-the-west-highland-way-in-scotland-featured.jpg]
6.2140s - [DEBUG]       Sending response [200]
6.2140s - [DEBUG]       Sending 0 bytes of 126409
6.2141s - [DEBUG]       Sending 16384 bytes of 110025
6.2141s - [DEBUG]       Sending 32768 bytes of 93641
6.2142s - [DEBUG]       Sending 49152 bytes of 77257
6.2143s - [DEBUG]       Sending 65536 bytes of 60873
6.2143s - [DEBUG]       Sending 81920 bytes of 44489
6.2143s - [DEBUG]       Sending 98304 bytes of 28105
6.2143s - [DEBUG]       Sending 114688 bytes of 11721
6.2143s - [DEBUG]       Sending 126409 bytes of 0
6.2144s - [DEBUG]     Incoming HTTP request from [/assets/posts/2020/a-lullaby-for-the-old-world-order-featured.jpg]
6.2147s - [DEBUG]       Sending response [200]
6.2147s - [DEBUG]       Sending 0 bytes of 81034
6.2147s - [DEBUG]       Sending 16384 bytes of 64650
6.2147s - [DEBUG]       Sending 32768 bytes of 48266
6.2148s - [DEBUG]       Sending 49152 bytes of 31882
6.2148s - [DEBUG]       Sending 65536 bytes of 15498
6.2148s - [DEBUG]       Sending 81034 bytes of 0
6.2148s - [DEBUG]     Incoming HTTP request from [/assets/lumen.min.js?v=ec56d80803beeff368c34f608eb80ae9]
6.2150s - [DEBUG]       Sending response [200]
6.2150s - [DEBUG]       Sending 0 bytes of 81530
6.2150s - [DEBUG]       Sending 16384 bytes of 65146
6.2150s - [DEBUG]       Sending 32768 bytes of 48762
6.2150s - [DEBUG]       Sending 49152 bytes of 32378
6.2151s - [DEBUG]       Sending 65536 bytes of 15994
6.2151s - [DEBUG]       Sending 81530 bytes of 0
6.2151s - [DEBUG]     Incoming HTTP request from [/assets/posts/2024/computer-code2-1600w.jpg]
6.2153s - [DEBUG]       Sending response [200]
6.2153s - [DEBUG]       Sending 0 bytes of 139315
6.2154s - [DEBUG]       Sending 16384 bytes of 122931
6.2154s - [DEBUG]       Sending 32768 bytes of 106547
6.2154s - [DEBUG]       Sending 49152 bytes of 90163
6.2154s - [DEBUG]       Sending 65536 bytes of 73779
6.2154s - [DEBUG]       Sending 81920 bytes of 57395
6.2154s - [DEBUG]       Sending 98304 bytes of 41011
6.2154s - [DEBUG]       Sending 114688 bytes of 24627
6.2154s - [DEBUG]       Sending 131072 bytes of 8243
6.2154s - [DEBUG]       Sending 139315 bytes of 0
6.2155s - [DEBUG]     Incoming HTTP request from [/assets/posts/2024/2768623834_0296e88881_o-1600w.jpg]
6.2158s - [DEBUG]       Sending response [200]
6.2158s - [DEBUG]       Sending 0 bytes of 256798
6.2158s - [DEBUG]       Sending 16384 bytes of 240414
6.2158s - [DEBUG]       Sending 32768 bytes of 224030
6.2158s - [DEBUG]       Sending 49152 bytes of 207646
6.2159s - [DEBUG]       Sending 65536 bytes of 191262
6.2159s - [DEBUG]       Sending 81920 bytes of 174878
6.2160s - [DEBUG]       Sending 98304 bytes of 158494
6.2160s - [DEBUG]       Sending 114688 bytes of 142110
6.2160s - [DEBUG]       Sending 131072 bytes of 125726
6.2160s - [DEBUG]       Sending 147456 bytes of 109342
6.2160s - [DEBUG]       Sending 163840 bytes of 92958
6.2160s - [DEBUG]       Sending 180224 bytes of 76574
6.2160s - [DEBUG]       Sending 196608 bytes of 60190
6.2160s - [DEBUG]       Sending 212992 bytes of 43806
6.2160s - [DEBUG]       Sending 229376 bytes of 27422
6.2160s - [DEBUG]       Sending 245760 bytes of 11038
6.2161s - [DEBUG]       Sending 256798 bytes of 0
6.2161s - [DEBUG]     Incoming HTTP request from [/assets/posts/2020/spanish-quarantine-day-12-featured-1600w.jpg]
6.2163s - [DEBUG]       Sending response [200]
6.2163s - [DEBUG]       Sending 0 bytes of 54307
6.2163s - [DEBUG]       Sending 16384 bytes of 37923
6.2163s - [DEBUG]       Sending 32768 bytes of 21539
6.2163s - [DEBUG]       Sending 49152 bytes of 5155
6.2163s - [DEBUG]       Sending 54307 bytes of 0
6.2163s - [DEBUG]     Incoming HTTP request from [/assets/posts/2020/solidarity-in-a-time-of-crisis-featured-1600w.jpg]
6.2167s - [DEBUG]       Sending response [200]
6.2167s - [DEBUG]       Sending 0 bytes of 392821
6.2167s - [DEBUG]       Sending 16384 bytes of 376437
6.2167s - [DEBUG]       Sending 32768 bytes of 360053
6.2167s - [DEBUG]       Sending 49152 bytes of 343669
6.2168s - [DEBUG]       Sending 65536 bytes of 327285
6.2168s - [DEBUG]       Sending 81920 bytes of 310901
6.2168s - [DEBUG]       Sending 98304 bytes of 294517
6.2168s - [DEBUG]       Sending 114688 bytes of 278133
6.2168s - [DEBUG]       Sending 131072 bytes of 261749
6.2169s - [DEBUG]       Sending 147456 bytes of 245365
6.2169s - [DEBUG]       Sending 163840 bytes of 228981
6.2169s - [DEBUG]       Sending 180224 bytes of 212597
6.2169s - [DEBUG]       Sending 196608 bytes of 196213
6.2170s - [DEBUG]       Sending 212992 bytes of 179829
6.2170s - [DEBUG]       Sending 229376 bytes of 163445
6.2170s - [DEBUG]       Sending 245760 bytes of 147061
6.2170s - [DEBUG]       Sending 262144 bytes of 130677
6.2171s - [DEBUG]       Sending 278528 bytes of 114293
6.2171s - [DEBUG]       Sending 294912 bytes of 97909
6.2171s - [DEBUG]       Sending 311296 bytes of 81525
6.2171s - [DEBUG]       Sending 327680 bytes of 65141
6.2171s - [DEBUG]       Sending 344064 bytes of 48757
6.2171s - [DEBUG]       Sending 360448 bytes of 32373
6.2171s - [DEBUG]       Sending 376832 bytes of 15989
6.2171s - [DEBUG]       Sending 392821 bytes of 0
6.2172s - [DEBUG]     Incoming HTTP request from [/assets/posts/2019/how-we-wrecked-our-guts-featured-1600w.jpg]
6.2176s - [DEBUG]       Sending response [200]
6.2176s - [DEBUG]       Sending 0 bytes of 496262
6.2177s - [DEBUG]       Sending 16384 bytes of 479878
6.2177s - [DEBUG]       Sending 32768 bytes of 463494
6.2177s - [DEBUG]       Sending 49152 bytes of 447110
6.2178s - [DEBUG]       Sending 65536 bytes of 430726
6.2178s - [DEBUG]       Sending 81920 bytes of 414342
6.2178s - [DEBUG]       Sending 98304 bytes of 397958
6.2178s - [DEBUG]       Sending 114688 bytes of 381574
6.2179s - [DEBUG]       Sending 131072 bytes of 365190
6.2179s - [DEBUG]       Sending 147456 bytes of 348806
6.2179s - [DEBUG]       Sending 163840 bytes of 332422
6.2179s - [DEBUG]       Sending 180224 bytes of 316038
6.2179s - [DEBUG]       Sending 196608 bytes of 299654
6.2179s - [DEBUG]       Sending 212992 bytes of 283270
6.2180s - [DEBUG]       Sending 229376 bytes of 266886
6.2180s - [DEBUG]       Sending 245760 bytes of 250502
6.2180s - [DEBUG]       Sending 262144 bytes of 234118
6.2180s - [DEBUG]       Sending 278528 bytes of 217734
6.2181s - [DEBUG]       Sending 294912 bytes of 201350
6.2181s - [DEBUG]       Sending 311296 bytes of 184966
6.2182s - [DEBUG]       Sending 327680 bytes of 168582
6.2182s - [DEBUG]       Sending 344064 bytes of 152198
6.2182s - [DEBUG]       Sending 360448 bytes of 135814
6.2182s - [DEBUG]       Sending 376832 bytes of 119430
6.2182s - [DEBUG]       Sending 393216 bytes of 103046
6.2182s - [DEBUG]       Sending 409600 bytes of 86662
6.2183s - [DEBUG]       Sending 425984 bytes of 70278
6.2183s - [DEBUG]       Sending 442368 bytes of 53894
6.2183s - [DEBUG]       Sending 458752 bytes of 37510
6.2183s - [DEBUG]       Sending 475136 bytes of 21126
6.2183s - [DEBUG]       Sending 491520 bytes of 4742
6.2183s - [DEBUG]       Sending 496262 bytes of 0
6.2183s - [DEBUG]     Incoming HTTP request from [/assets/posts/2019/the-exciting-world-of-the-gut-microbiota-featured-1600w.jpg]
6.2187s - [DEBUG]       Sending response [200]
6.2187s - [DEBUG]       Sending 0 bytes of 221672
6.2187s - [DEBUG]       Sending 16384 bytes of 205288
6.2187s - [DEBUG]       Sending 32768 bytes of 188904
6.2187s - [DEBUG]       Sending 49152 bytes of 172520
6.2187s - [DEBUG]       Sending 65536 bytes of 156136
6.2187s - [DEBUG]       Sending 81920 bytes of 139752
6.2188s - [DEBUG]       Sending 98304 bytes of 123368
6.2188s - [DEBUG]       Sending 114688 bytes of 106984
6.2189s - [DEBUG]       Sending 131072 bytes of 90600
6.2189s - [DEBUG]       Sending 147456 bytes of 74216
6.2190s - [DEBUG]       Sending 163840 bytes of 57832
6.2190s - [DEBUG]       Sending 180224 bytes of 41448
6.2190s - [DEBUG]       Sending 196608 bytes of 25064
6.2190s - [DEBUG]       Sending 212992 bytes of 8680
6.2190s - [DEBUG]       Sending 221672 bytes of 0
6.2191s - [DEBUG]     Incoming HTTP request from [/assets/posts/2019/social-responsibility-in-the-age-of-the-locationindependent-traveller-featured-1600w.jpg]
6.2195s - [DEBUG]       Sending response [200]
6.2195s - [DEBUG]       Sending 0 bytes of 154221
6.2195s - [DEBUG]       Sending 16384 bytes of 137837
6.2195s - [DEBUG]       Sending 32768 bytes of 121453
6.2195s - [DEBUG]       Sending 49152 bytes of 105069
6.2196s - [DEBUG]       Sending 65536 bytes of 88685
6.2196s - [DEBUG]       Sending 81920 bytes of 72301
6.2196s - [DEBUG]       Sending 98304 bytes of 55917
6.2197s - [DEBUG]       Sending 114688 bytes of 39533
6.2197s - [DEBUG]       Sending 131072 bytes of 23149
6.2197s - [DEBUG]       Sending 147456 bytes of 6765
6.2197s - [DEBUG]       Sending 154221 bytes of 0
6.2197s - [DEBUG]     Incoming HTTP request from [/assets/posts/2018/tapas-forever-featured-1600w.jpg]
6.2204s - [DEBUG]       Sending response [200]
6.2204s - [DEBUG]       Sending 0 bytes of 272927
6.2204s - [DEBUG]       Sending 16384 bytes of 256543
6.2205s - [DEBUG]       Sending 32768 bytes of 240159
6.2205s - [DEBUG]       Sending 49152 bytes of 223775
6.2205s - [DEBUG]       Sending 65536 bytes of 207391
6.2206s - [DEBUG]       Sending 81920 bytes of 191007
6.2206s - [DEBUG]       Sending 98304 bytes of 174623
6.2207s - [DEBUG]       Sending 114688 bytes of 158239
6.2207s - [DEBUG]       Sending 131072 bytes of 141855
6.2207s - [DEBUG]       Sending 147456 bytes of 125471
6.2208s - [DEBUG]       Sending 163840 bytes of 109087
6.2208s - [DEBUG]       Sending 180224 bytes of 92703
6.2208s - [DEBUG]       Sending 196608 bytes of 76319
6.2208s - [DEBUG]       Sending 212992 bytes of 59935
6.2208s - [DEBUG]       Sending 229376 bytes of 43551
6.2208s - [DEBUG]       Sending 245760 bytes of 27167
6.2208s - [DEBUG]       Sending 262144 bytes of 10783
6.2208s - [DEBUG]       Sending 272927 bytes of 0
6.2209s - [DEBUG]     Incoming HTTP request from [/assets/posts/2018/how-to-open-a-bank-account-in-spain-as-a-nonresident-featured-1600w.jpg]
6.2213s - [DEBUG]       Sending response [200]
6.2213s - [DEBUG]       Sending 0 bytes of 272927
6.2213s - [DEBUG]       Sending 16384 bytes of 256543
6.2213s - [DEBUG]       Sending 32768 bytes of 240159
6.2213s - [DEBUG]       Sending 49152 bytes of 223775
6.2213s - [DEBUG]       Sending 65536 bytes of 207391
6.2214s - [DEBUG]       Sending 81920 bytes of 191007
6.2214s - [DEBUG]       Sending 98304 bytes of 174623
6.2214s - [DEBUG]       Sending 114688 bytes of 158239
6.2214s - [DEBUG]       Sending 131072 bytes of 141855
6.2214s - [DEBUG]       Sending 147456 bytes of 125471
6.2214s - [DEBUG]       Sending 163840 bytes of 109087
6.2214s - [DEBUG]       Sending 180224 bytes of 92703
6.2214s - [DEBUG]       Sending 196608 bytes of 76319
6.2214s - [DEBUG]       Sending 212992 bytes of 59935
6.2215s - [DEBUG]       Sending 229376 bytes of 43551
6.2215s - [DEBUG]       Sending 245760 bytes of 27167
6.2215s - [DEBUG]       Sending 262144 bytes of 10783
6.2215s - [DEBUG]       Sending 272927 bytes of 0
6.2215s - [DEBUG]     Incoming HTTP request from [/assets/posts/2018/how-to-value-a-business-featured.jpg]
6.2221s - [DEBUG]       Sending response [200]
6.2221s - [DEBUG]       Sending 0 bytes of 128042
6.2222s - [DEBUG]       Sending 16384 bytes of 111658
6.2222s - [DEBUG]       Sending 32768 bytes of 95274
6.2222s - [DEBUG]       Sending 49152 bytes of 78890
6.2223s - [DEBUG]       Sending 65536 bytes of 62506
6.2223s - [DEBUG]       Sending 81920 bytes of 46122
6.2223s - [DEBUG]       Sending 98304 bytes of 29738
6.2223s - [DEBUG]       Sending 114688 bytes of 13354
6.2223s - [DEBUG]       Sending 128042 bytes of 0
6.2223s - [DEBUG]     Incoming HTTP request from [/assets/posts/2020/spanish-quarantine-day-20-featured.jpg]
6.2225s - [DEBUG]       Sending response [200]
6.2225s - [DEBUG]       Sending 0 bytes of 65227
6.2226s - [DEBUG]       Sending 16384 bytes of 48843
6.2226s - [DEBUG]       Sending 32768 bytes of 32459
6.2226s - [DEBUG]       Sending 49152 bytes of 16075
6.2226s - [DEBUG]       Sending 65227 bytes of 0
6.2226s - [DEBUG]     Incoming HTTP request from [/assets/posts/2022/how-to-make-homemade-chicken-stock-featured.jpeg]
6.2231s - [DEBUG]       Sending response [200]
6.2231s - [DEBUG]       Sending 0 bytes of 277297
6.2231s - [DEBUG]       Sending 16384 bytes of 260913
6.2232s - [DEBUG]       Sending 32768 bytes of 244529
6.2232s - [DEBUG]       Sending 49152 bytes of 228145
6.2232s - [DEBUG]       Sending 65536 bytes of 211761
6.2232s - [DEBUG]       Sending 81920 bytes of 195377
6.2232s - [DEBUG]       Sending 98304 bytes of 178993
6.2232s - [DEBUG]       Sending 114688 bytes of 162609
6.2232s - [DEBUG]       Sending 131072 bytes of 146225
6.2233s - [DEBUG]       Sending 147456 bytes of 129841
6.2233s - [DEBUG]       Sending 163840 bytes of 113457
6.2233s - [DEBUG]       Sending 180224 bytes of 97073
6.2233s - [DEBUG]       Sending 196608 bytes of 80689
6.2233s - [DEBUG]       Sending 212992 bytes of 64305
6.2233s - [DEBUG]       Sending 229376 bytes of 47921
6.2233s - [DEBUG]       Sending 245760 bytes of 31537
6.2233s - [DEBUG]       Sending 262144 bytes of 15153
6.2233s - [DEBUG]       Sending 277297 bytes of 0
6.2234s - [DEBUG]     Incoming HTTP request from [/assets/posts/2021/getting-ready-to-walk-alta-via-2-in-italy-featured-1600w.jpg]
6.2236s - [DEBUG]       Sending response [200]
6.2236s - [DEBUG]       Sending 0 bytes of 234543
6.2237s - [DEBUG]       Sending 16384 bytes of 218159
6.2237s - [DEBUG]       Sending 32768 bytes of 201775
6.2237s - [DEBUG]       Sending 49152 bytes of 185391
6.2237s - [DEBUG]       Sending 65536 bytes of 169007
6.2237s - [DEBUG]       Sending 81920 bytes of 152623
6.2237s - [DEBUG]       Sending 98304 bytes of 136239
6.2237s - [DEBUG]       Sending 114688 bytes of 119855
6.2238s - [DEBUG]       Sending 131072 bytes of 103471
6.2238s - [DEBUG]       Sending 147456 bytes of 87087
6.2238s - [DEBUG]       Sending 163840 bytes of 70703
6.2238s - [DEBUG]       Sending 180224 bytes of 54319
6.2238s - [DEBUG]       Sending 196608 bytes of 37935
6.2238s - [DEBUG]       Sending 212992 bytes of 21551
6.2238s - [DEBUG]       Sending 229376 bytes of 5167
6.2238s - [DEBUG]       Sending 234543 bytes of 0
6.2483s - [DEBUG]     Incoming HTTP request from [/assets/posts/2019/local-wordpress-development-from-mamp-to-local-by-flywheel-featured-1600w.jpg]
6.2487s - [DEBUG]       Sending response [200]
6.2487s - [DEBUG]       Sending 0 bytes of 223647
6.2487s - [DEBUG]       Sending 16384 bytes of 207263
6.2488s - [DEBUG]       Sending 32768 bytes of 190879
6.2488s - [DEBUG]       Sending 49152 bytes of 174495
6.2488s - [DEBUG]       Sending 65536 bytes of 158111
6.2489s - [DEBUG]       Sending 81920 bytes of 141727
6.2489s - [DEBUG]       Sending 98304 bytes of 125343
6.2489s - [DEBUG]       Sending 114688 bytes of 108959
6.2489s - [DEBUG]       Sending 131072 bytes of 92575
6.2489s - [DEBUG]       Sending 147456 bytes of 76191
6.2489s - [DEBUG]       Sending 163840 bytes of 59807
6.2489s - [DEBUG]       Sending 180224 bytes of 43423
6.2489s - [DEBUG]       Sending 196608 bytes of 27039
6.2490s - [DEBUG]       Sending 212992 bytes of 10655
6.2490s - [DEBUG]       Sending 223647 bytes of 0
6.2497s - [DEBUG]     Incoming HTTP request from [/assets/final-road-opt.jpg]
6.2502s - [DEBUG]       Sending response [200]
6.2502s - [DEBUG]       Sending 0 bytes of 377713
6.2502s - [DEBUG]       Sending 16384 bytes of 361329
6.2503s - [DEBUG]       Sending 32768 bytes of 344945
6.2503s - [DEBUG]       Sending 49152 bytes of 328561
6.2504s - [DEBUG]       Sending 65536 bytes of 312177
6.2504s - [DEBUG]       Sending 81920 bytes of 295793
6.2505s - [DEBUG]       Sending 98304 bytes of 279409
6.2505s - [DEBUG]       Sending 114688 bytes of 263025
6.2506s - [DEBUG]       Sending 131072 bytes of 246641
6.2506s - [DEBUG]       Sending 147456 bytes of 230257
6.2506s - [DEBUG]       Sending 163840 bytes of 213873
6.2507s - [DEBUG]       Sending 180224 bytes of 197489
6.2507s - [DEBUG]       Sending 196608 bytes of 181105
6.2508s - [DEBUG]       Sending 212992 bytes of 164721
6.2508s - [DEBUG]       Sending 229376 bytes of 148337
6.2508s - [DEBUG]       Sending 245760 bytes of 131953
6.2509s - [DEBUG]       Sending 262144 bytes of 115569
6.2509s - [DEBUG]       Sending 278528 bytes of 99185
6.2509s - [DEBUG]       Sending 294912 bytes of 82801
6.2510s - [DEBUG]       Sending 311296 bytes of 66417
6.2510s - [DEBUG]       Sending 327680 bytes of 50033
6.2510s - [DEBUG]       Sending 344064 bytes of 33649
6.2510s - [DEBUG]       Sending 360448 bytes of 17265
6.2511s - [DEBUG]       Sending 376832 bytes of 881
6.2511s - [DEBUG]       Sending 377713 bytes of 0
6.3549s - [DEBUG]     Incoming HTTP request from [/assets/favicon.ico?v=ec56d80803beeff368c34f608eb80ae9]
6.3552s - [DEBUG]       Sending response [200]
6.3552s - [DEBUG]       Sending 0 bytes of 15472
8.8337s - [DEBUG]     Incoming HTTP request from [/posts/down-the-rabbit-hole-a-deep-look-at-the-wordpress-api.html]
8.8341s - [DEBUG]       Sending response [200]
8.8341s - [DEBUG]       Sending 0 bytes of 5025
8.8667s - [DEBUG]     Incoming HTTP request from [/assets/lumen.css?v=ec56d80803beeff368c34f608eb80ae9]
8.8668s - [DEBUG]       Sending response [200]
8.8668s - [DEBUG]       Sending 0 bytes of 234376
8.8668s - [DEBUG]       Sending 16384 bytes of 217992
8.8668s - [DEBUG]       Sending 32768 bytes of 201608
8.8668s - [DEBUG]       Sending 49152 bytes of 185224
8.8668s - [DEBUG]       Sending 65536 bytes of 168840
8.8669s - [DEBUG]       Sending 81920 bytes of 152456
8.8669s - [DEBUG]       Sending 98304 bytes of 136072
8.8669s - [DEBUG]       Sending 114688 bytes of 119688
8.8669s - [DEBUG]       Sending 131072 bytes of 103304
8.8669s - [DEBUG]       Sending 147456 bytes of 86920
8.8669s - [DEBUG]       Sending 163840 bytes of 70536
8.8669s - [DEBUG]       Sending 180224 bytes of 54152
8.8669s - [DEBUG]       Sending 196608 bytes of 37768
8.8669s - [DEBUG]       Sending 212992 bytes of 21384
8.8670s - [DEBUG]       Sending 229376 bytes of 5000
8.8670s - [DEBUG]       Sending 234376 bytes of 0
8.8670s - [DEBUG]     Incoming HTTP request from [/assets/lumen.min.js?v=ec56d80803beeff368c34f608eb80ae9]
8.8670s - [DEBUG]       Sending response [200]
8.8670s - [DEBUG]       Sending 0 bytes of 81530
8.8670s - [DEBUG]       Sending 16384 bytes of 65146
8.8671s - [DEBUG]       Sending 32768 bytes of 48762
8.8671s - [DEBUG]       Sending 49152 bytes of 32378
8.8671s - [DEBUG]       Sending 65536 bytes of 15994
8.8671s - [DEBUG]       Sending 81530 bytes of 0
11.6830s - [DEBUG]     Incoming HTTP request from [/favicon.ico]
11.6831s - [DEBUG]       Sending response [404]
11.6831s - [DEBUG]       Sending 0 bytes of 24
157.9843s - [INFO ] Shutting down web server
157.9849s - [INFO ] Finished executing [SERVE] command, total time taken 157.985s

0.0001s - [INFO ] Log file active at [_logs/2024-11-08-serve.log]
0.0001s - [INFO ] Executing command [SERVE] on [2024-11-08] at [01:58:53]
0.0002s - [INFO ]   Web server started, please open your browser to http://127.0.0.1:58122
0.0002s - [INFO ]   To shutdown the web server, press Ctrl-C
5.2860s - [DEBUG]     Incoming HTTP request from [/]
5.2864s - [DEBUG]       Sending response [200]
5.2864s - [DEBUG]       Sending 0 bytes of 71522
5.2865s - [DEBUG]       Sending 16384 bytes of 55138
5.2865s - [DEBUG]       Sending 32768 bytes of 38754
5.2865s - [DEBUG]       Sending 49152 bytes of 22370
5.2865s - [DEBUG]       Sending 65536 bytes of 5986
5.2865s - [DEBUG]       Sending 71522 bytes of 0
5.3615s - [DEBUG]     Incoming HTTP request from [/assets/lumen.css?v=ec56d80803beeff368c34f608eb80ae9]
5.3617s - [DEBUG]       Sending response [200]
5.3618s - [DEBUG]       Sending 0 bytes of 234376
5.3618s - [DEBUG]       Sending 16384 bytes of 217992
5.3619s - [DEBUG]       Sending 32768 bytes of 201608
5.3621s - [DEBUG]       Sending 49152 bytes of 185224
5.3621s - [DEBUG]       Sending 65536 bytes of 168840
5.3621s - [DEBUG]       Sending 81920 bytes of 152456
5.3622s - [DEBUG]       Sending 98304 bytes of 136072
5.3622s - [DEBUG]       Sending 114688 bytes of 119688
5.3623s - [DEBUG]       Sending 131072 bytes of 103304
5.3624s - [DEBUG]       Sending 147456 bytes of 86920
5.3624s - [DEBUG]       Sending 163840 bytes of 70536
5.3625s - [DEBUG]       Sending 180224 bytes of 54152
5.3625s - [DEBUG]       Sending 196608 bytes of 37768
5.3627s - [DEBUG]       Sending 212992 bytes of 21384
5.3627s - [DEBUG]       Sending 229376 bytes of 5000
5.3627s - [DEBUG]       Sending 234376 bytes of 0
5.3632s - [DEBUG]     Incoming HTTP request from [/assets/posts/2020/spanish-quarantine-day-20-featured.jpg]
5.3637s - [DEBUG]       Sending response [200]
5.3637s - [DEBUG]       Sending 0 bytes of 65227
5.3637s - [DEBUG]       Sending 16384 bytes of 48843
5.3637s - [DEBUG]       Sending 32768 bytes of 32459
5.3638s - [DEBUG]       Sending 49152 bytes of 16075
5.3638s - [DEBUG]       Sending 65227 bytes of 0
5.3639s - [DEBUG]     Incoming HTTP request from [/assets/posts/2021/the-year-the-earth-stood-still-featured-1600w.jpg]
5.3643s - [DEBUG]       Sending response [200]
5.3644s - [DEBUG]       Sending 0 bytes of 128042
5.3644s - [DEBUG]       Sending 16384 bytes of 111658
5.3644s - [DEBUG]       Sending 32768 bytes of 95274
5.3644s - [DEBUG]       Sending 49152 bytes of 78890
5.3644s - [DEBUG]       Sending 65536 bytes of 62506
5.3644s - [DEBUG]       Sending 81920 bytes of 46122
5.3645s - [DEBUG]       Sending 98304 bytes of 29738
5.3645s - [DEBUG]       Sending 114688 bytes of 13354
5.3645s - [DEBUG]       Sending 128042 bytes of 0
5.3645s - [DEBUG]     Incoming HTTP request from [/assets/posts/2021/walking-the-great-glen-way-in-scotland-featured.jpg]
5.3647s - [DEBUG]       Sending response [200]
5.3648s - [DEBUG]       Sending 0 bytes of 117091
5.3648s - [DEBUG]       Sending 16384 bytes of 100707
5.3648s - [DEBUG]       Sending 32768 bytes of 84323
5.3649s - [DEBUG]       Sending 49152 bytes of 67939
5.3649s - [DEBUG]       Sending 65536 bytes of 51555
5.3649s - [DEBUG]       Sending 81920 bytes of 35171
5.3650s - [DEBUG]       Sending 98304 bytes of 18787
5.3650s - [DEBUG]       Sending 114688 bytes of 2403
5.3650s - [DEBUG]       Sending 117091 bytes of 0
5.3650s - [DEBUG]     Incoming HTTP request from [/assets/posts/2021/walking-the-west-highland-way-in-scotland-featured.jpg]
5.3653s - [DEBUG]       Sending response [200]
5.3653s - [DEBUG]       Sending 0 bytes of 126409
5.3653s - [DEBUG]       Sending 16384 bytes of 110025
5.3653s - [DEBUG]       Sending 32768 bytes of 93641
5.3653s - [DEBUG]       Sending 49152 bytes of 77257
5.3653s - [DEBUG]       Sending 65536 bytes of 60873
5.3653s - [DEBUG]       Sending 81920 bytes of 44489
5.3653s - [DEBUG]       Sending 98304 bytes of 28105
5.3653s - [DEBUG]       Sending 114688 bytes of 11721
5.3653s - [DEBUG]       Sending 126409 bytes of 0
5.3654s - [DEBUG]     Incoming HTTP request from [/assets/posts/2020/a-lullaby-for-the-old-world-order-featured.jpg]
5.3656s - [DEBUG]       Sending response [200]
5.3656s - [DEBUG]       Sending 0 bytes of 81034
5.3656s - [DEBUG]       Sending 16384 bytes of 64650
5.3656s - [DEBUG]       Sending 32768 bytes of 48266
5.3656s - [DEBUG]       Sending 49152 bytes of 31882
5.3656s - [DEBUG]       Sending 65536 bytes of 15498
5.3656s - [DEBUG]       Sending 81034 bytes of 0
5.3657s - [DEBUG]     Incoming HTTP request from [/assets/posts/2024/wordpress-api-banner.jpg]
5.3661s - [DEBUG]       Sending response [200]
5.3661s - [DEBUG]       Sending 0 bytes of 204501
5.3661s - [DEBUG]       Sending 16384 bytes of 188117
5.3661s - [DEBUG]       Sending 32768 bytes of 171733
5.3661s - [DEBUG]       Sending 49152 bytes of 155349
5.3661s - [DEBUG]       Sending 65536 bytes of 138965
5.3662s - [DEBUG]       Sending 81920 bytes of 122581
5.3662s - [DEBUG]       Sending 98304 bytes of 106197
5.3662s - [DEBUG]       Sending 114688 bytes of 89813
5.3662s - [DEBUG]       Sending 131072 bytes of 73429
5.3662s - [DEBUG]       Sending 147456 bytes of 57045
5.3663s - [DEBUG]       Sending 163840 bytes of 40661
5.3663s - [DEBUG]       Sending 180224 bytes of 24277
5.3664s - [DEBUG]       Sending 196608 bytes of 7893
5.3664s - [DEBUG]       Sending 204501 bytes of 0
5.3665s - [DEBUG]     Incoming HTTP request from [/assets/posts/2024/computer-code2-1600w.jpg]
5.3669s - [DEBUG]       Sending response [200]
5.3669s - [DEBUG]       Sending 0 bytes of 139315
5.3669s - [DEBUG]       Sending 16384 bytes of 122931
5.3670s - [DEBUG]       Sending 32768 bytes of 106547
5.3670s - [DEBUG]       Sending 49152 bytes of 90163
5.3670s - [DEBUG]       Sending 65536 bytes of 73779
5.3670s - [DEBUG]       Sending 81920 bytes of 57395
5.3671s - [DEBUG]       Sending 98304 bytes of 41011
5.3671s - [DEBUG]       Sending 114688 bytes of 24627
5.3671s - [DEBUG]       Sending 131072 bytes of 8243
5.3671s - [DEBUG]       Sending 139315 bytes of 0
5.3671s - [DEBUG]     Incoming HTTP request from [/assets/posts/2020/spanish-quarantine-day-12-featured-1600w.jpg]
5.3674s - [DEBUG]       Sending response [200]
5.3674s - [DEBUG]       Sending 0 bytes of 54307
5.3674s - [DEBUG]       Sending 16384 bytes of 37923
5.3674s - [DEBUG]       Sending 32768 bytes of 21539
5.3675s - [DEBUG]       Sending 49152 bytes of 5155
5.3675s - [DEBUG]       Sending 54307 bytes of 0
5.3675s - [DEBUG]     Incoming HTTP request from [/assets/posts/2020/solidarity-in-a-time-of-crisis-featured-1600w.jpg]
5.3680s - [DEBUG]       Sending response [200]
5.3680s - [DEBUG]       Sending 0 bytes of 392821
5.3680s - [DEBUG]       Sending 16384 bytes of 376437
5.3681s - [DEBUG]       Sending 32768 bytes of 360053
5.3681s - [DEBUG]       Sending 49152 bytes of 343669
5.3681s - [DEBUG]       Sending 65536 bytes of 327285
5.3682s - [DEBUG]       Sending 81920 bytes of 310901
5.3682s - [DEBUG]       Sending 98304 bytes of 294517
5.3682s - [DEBUG]       Sending 114688 bytes of 278133
5.3682s - [DEBUG]       Sending 131072 bytes of 261749
5.3683s - [DEBUG]       Sending 147456 bytes of 245365
5.3683s - [DEBUG]       Sending 163840 bytes of 228981
5.3683s - [DEBUG]       Sending 180224 bytes of 212597
5.3683s - [DEBUG]       Sending 196608 bytes of 196213
5.3684s - [DEBUG]       Sending 212992 bytes of 179829
5.3684s - [DEBUG]       Sending 229376 bytes of 163445
5.3685s - [DEBUG]       Sending 245760 bytes of 147061
5.3685s - [DEBUG]       Sending 262144 bytes of 130677
5.3685s - [DEBUG]       Sending 278528 bytes of 114293
5.3685s - [DEBUG]       Sending 294912 bytes of 97909
5.3685s - [DEBUG]       Sending 311296 bytes of 81525
5.3685s - [DEBUG]       Sending 327680 bytes of 65141
5.3686s - [DEBUG]       Sending 344064 bytes of 48757
5.3686s - [DEBUG]       Sending 360448 bytes of 32373
5.3686s - [DEBUG]       Sending 376832 bytes of 15989
5.3686s - [DEBUG]       Sending 392821 bytes of 0
5.3686s - [DEBUG]     Incoming HTTP request from [/assets/lumen.min.js?v=ec56d80803beeff368c34f608eb80ae9]
5.3688s - [DEBUG]       Sending response [200]
5.3688s - [DEBUG]       Sending 0 bytes of 81530
5.3688s - [DEBUG]       Sending 16384 bytes of 65146
5.3688s - [DEBUG]       Sending 32768 bytes of 48762
5.3689s - [DEBUG]       Sending 49152 bytes of 32378
5.3689s - [DEBUG]       Sending 65536 bytes of 15994
5.3689s - [DEBUG]       Sending 81530 bytes of 0
5.3690s - [DEBUG]     Incoming HTTP request from [/assets/posts/2019/how-we-wrecked-our-guts-featured-1600w.jpg]
5.3694s - [DEBUG]       Sending response [200]
5.3694s - [DEBUG]       Sending 0 bytes of 496262
5.3695s - [DEBUG]       Sending 16384 bytes of 479878
5.3695s - [DEBUG]       Sending 32768 bytes of 463494
5.3695s - [DEBUG]       Sending 49152 bytes of 447110
5.3696s - [DEBUG]       Sending 65536 bytes of 430726
5.3696s - [DEBUG]       Sending 81920 bytes of 414342
5.3696s - [DEBUG]       Sending 98304 bytes of 397958
5.3696s - [DEBUG]       Sending 114688 bytes of 381574
5.3697s - [DEBUG]       Sending 131072 bytes of 365190
5.3697s - [DEBUG]       Sending 147456 bytes of 348806
5.3697s - [DEBUG]       Sending 163840 bytes of 332422
5.3698s - [DEBUG]       Sending 180224 bytes of 316038
5.3699s - [DEBUG]       Sending 196608 bytes of 299654
5.3699s - [DEBUG]       Sending 212992 bytes of 283270
5.3699s - [DEBUG]       Sending 229376 bytes of 266886
5.3699s - [DEBUG]       Sending 245760 bytes of 250502
5.3699s - [DEBUG]       Sending 262144 bytes of 234118
5.3700s - [DEBUG]       Sending 278528 bytes of 217734
5.3700s - [DEBUG]       Sending 294912 bytes of 201350
5.3700s - [DEBUG]       Sending 311296 bytes of 184966
5.3700s - [DEBUG]       Sending 327680 bytes of 168582
5.3700s - [DEBUG]       Sending 344064 bytes of 152198
5.3700s - [DEBUG]       Sending 360448 bytes of 135814
5.3700s - [DEBUG]       Sending 376832 bytes of 119430
5.3701s - [DEBUG]       Sending 393216 bytes of 103046
5.3701s - [DEBUG]       Sending 409600 bytes of 86662
5.3702s - [DEBUG]       Sending 425984 bytes of 70278
5.3702s - [DEBUG]       Sending 442368 bytes of 53894
5.3702s - [DEBUG]       Sending 458752 bytes of 37510
5.3702s - [DEBUG]       Sending 475136 bytes of 21126
5.3703s - [DEBUG]       Sending 491520 bytes of 4742
5.3703s - [DEBUG]       Sending 496262 bytes of 0
5.3703s - [DEBUG]     Incoming HTTP request from [/assets/posts/2019/the-exciting-world-of-the-gut-microbiota-featured-1600w.jpg]
5.3707s - [DEBUG]       Sending response [200]
5.3707s - [DEBUG]       Sending 0 bytes of 221672
5.3707s - [DEBUG]       Sending 16384 bytes of 205288
5.3707s - [DEBUG]       Sending 32768 bytes of 188904
5.3707s - [DEBUG]       Sending 49152 bytes of 172520
5.3708s - [DEBUG]       Sending 65536 bytes of 156136
5.3708s - [DEBUG]       Sending 81920 bytes of 139752
5.3708s - [DEBUG]       Sending 98304 bytes of 123368
5.3708s - [DEBUG]       Sending 114688 bytes of 106984
5.3708s - [DEBUG]       Sending 131072 bytes of 90600
5.3708s - [DEBUG]       Sending 147456 bytes of 74216
5.3708s - [DEBUG]       Sending 163840 bytes of 57832
5.3709s - [DEBUG]       Sending 180224 bytes of 41448
5.3709s - [DEBUG]       Sending 196608 bytes of 25064
5.3709s - [DEBUG]       Sending 212992 bytes of 8680
5.3709s - [DEBUG]       Sending 221672 bytes of 0
5.3710s - [DEBUG]     Incoming HTTP request from [/assets/posts/2019/social-responsibility-in-the-age-of-the-locationindependent-traveller-featured-1600w.jpg]
5.3713s - [DEBUG]       Sending response [200]
5.3713s - [DEBUG]       Sending 0 bytes of 154221
5.3713s - [DEBUG]       Sending 16384 bytes of 137837
5.3714s - [DEBUG]       Sending 32768 bytes of 121453
5.3714s - [DEBUG]       Sending 49152 bytes of 105069
5.3714s - [DEBUG]       Sending 65536 bytes of 88685
5.3714s - [DEBUG]       Sending 81920 bytes of 72301
5.3714s - [DEBUG]       Sending 98304 bytes of 55917
5.3714s - [DEBUG]       Sending 114688 bytes of 39533
5.3715s - [DEBUG]       Sending 131072 bytes of 23149
5.3715s - [DEBUG]       Sending 147456 bytes of 6765
5.3715s - [DEBUG]       Sending 154221 bytes of 0
5.3715s - [DEBUG]     Incoming HTTP request from [/assets/posts/2018/tapas-forever-featured-1600w.jpg]
5.3718s - [DEBUG]       Sending response [200]
5.3718s - [DEBUG]       Sending 0 bytes of 272927
5.3718s - [DEBUG]       Sending 16384 bytes of 256543
5.3718s - [DEBUG]       Sending 32768 bytes of 240159
5.3718s - [DEBUG]       Sending 49152 bytes of 223775
5.3718s - [DEBUG]       Sending 65536 bytes of 207391
5.3719s - [DEBUG]       Sending 81920 bytes of 191007
5.3719s - [DEBUG]       Sending 98304 bytes of 174623
5.3719s - [DEBUG]       Sending 114688 bytes of 158239
5.3719s - [DEBUG]       Sending 131072 bytes of 141855
5.3719s - [DEBUG]       Sending 147456 bytes of 125471
5.3719s - [DEBUG]       Sending 163840 bytes of 109087
5.3719s - [DEBUG]       Sending 180224 bytes of 92703
5.3719s - [DEBUG]       Sending 196608 bytes of 76319
5.3720s - [DEBUG]       Sending 212992 bytes of 59935
5.3720s - [DEBUG]       Sending 229376 bytes of 43551
5.3720s - [DEBUG]       Sending 245760 bytes of 27167
5.3720s - [DEBUG]       Sending 262144 bytes of 10783
5.3720s - [DEBUG]       Sending 272927 bytes of 0
5.3720s - [DEBUG]     Incoming HTTP request from [/assets/posts/2024/2768623834_0296e88881_o-1600w.jpg]
5.3723s - [DEBUG]       Sending response [200]
5.3723s - [DEBUG]       Sending 0 bytes of 256798
5.3723s - [DEBUG]       Sending 16384 bytes of 240414
5.3724s - [DEBUG]       Sending 32768 bytes of 224030
5.3724s - [DEBUG]       Sending 49152 bytes of 207646
5.3724s - [DEBUG]       Sending 65536 bytes of 191262
5.3724s - [DEBUG]       Sending 81920 bytes of 174878
5.3724s - [DEBUG]       Sending 98304 bytes of 158494
5.3724s - [DEBUG]       Sending 114688 bytes of 142110
5.3725s - [DEBUG]       Sending 131072 bytes of 125726
5.3725s - [DEBUG]       Sending 147456 bytes of 109342
5.3725s - [DEBUG]       Sending 163840 bytes of 92958
5.3725s - [DEBUG]       Sending 180224 bytes of 76574
5.3725s - [DEBUG]       Sending 196608 bytes of 60190
5.3725s - [DEBUG]       Sending 212992 bytes of 43806
5.3725s - [DEBUG]       Sending 229376 bytes of 27422
5.3725s - [DEBUG]       Sending 245760 bytes of 11038
5.3725s - [DEBUG]       Sending 256798 bytes of 0
5.3726s - [DEBUG]     Incoming HTTP request from [/assets/posts/2021/preparing-for-the-camino-del-norte-featured-1600w.jpg]
5.3728s - [DEBUG]       Sending response [200]
5.3728s - [DEBUG]       Sending 0 bytes of 237641
5.3728s - [DEBUG]       Sending 16384 bytes of 221257
5.3729s - [DEBUG]       Sending 32768 bytes of 204873
5.3729s - [DEBUG]       Sending 49152 bytes of 188489
5.3729s - [DEBUG]       Sending 65536 bytes of 172105
5.3729s - [DEBUG]       Sending 81920 bytes of 155721
5.3729s - [DEBUG]       Sending 98304 bytes of 139337
5.3729s - [DEBUG]       Sending 114688 bytes of 122953
5.3729s - [DEBUG]       Sending 131072 bytes of 106569
5.3729s - [DEBUG]       Sending 147456 bytes of 90185
5.3730s - [DEBUG]       Sending 163840 bytes of 73801
5.3731s - [DEBUG]       Sending 180224 bytes of 57417
5.3731s - [DEBUG]       Sending 196608 bytes of 41033
5.3732s - [DEBUG]       Sending 212992 bytes of 24649
5.3732s - [DEBUG]       Sending 229376 bytes of 8265
5.3732s - [DEBUG]       Sending 237641 bytes of 0
5.3732s - [DEBUG]     Incoming HTTP request from [/assets/posts/2021/getting-ready-to-walk-alta-via-2-in-italy-featured-1600w.jpg]
5.3735s - [DEBUG]       Sending response [200]
5.3735s - [DEBUG]       Sending 0 bytes of 234543
5.3735s - [DEBUG]       Sending 16384 bytes of 218159
5.3736s - [DEBUG]       Sending 32768 bytes of 201775
5.3736s - [DEBUG]       Sending 49152 bytes of 185391
5.3736s - [DEBUG]       Sending 65536 bytes of 169007
5.3736s - [DEBUG]       Sending 81920 bytes of 152623
5.3737s - [DEBUG]       Sending 98304 bytes of 136239
5.3737s - [DEBUG]       Sending 114688 bytes of 119855
5.3737s - [DEBUG]       Sending 131072 bytes of 103471
5.3738s - [DEBUG]       Sending 147456 bytes of 87087
5.3738s - [DEBUG]       Sending 163840 bytes of 70703
5.3738s - [DEBUG]       Sending 180224 bytes of 54319
5.3738s - [DEBUG]       Sending 196608 bytes of 37935
5.3738s - [DEBUG]       Sending 212992 bytes of 21551
5.3740s - [DEBUG]       Sending 229376 bytes of 5167
5.3740s - [DEBUG]       Sending 234543 bytes of 0
5.3741s - [DEBUG]     Incoming HTTP request from [/assets/posts/2018/how-to-open-a-bank-account-in-spain-as-a-nonresident-featured-1600w.jpg]
5.3744s - [DEBUG]       Sending response [200]
5.3745s - [DEBUG]       Sending 0 bytes of 272927
5.3745s - [DEBUG]       Sending 16384 bytes of 256543
5.3745s - [DEBUG]       Sending 32768 bytes of 240159
5.3746s - [DEBUG]       Sending 49152 bytes of 223775
5.3746s - [DEBUG]       Sending 65536 bytes of 207391
5.3747s - [DEBUG]       Sending 81920 bytes of 191007
5.3747s - [DEBUG]       Sending 98304 bytes of 174623
5.3748s - [DEBUG]       Sending 114688 bytes of 158239
5.3748s - [DEBUG]       Sending 131072 bytes of 141855
5.3748s - [DEBUG]       Sending 147456 bytes of 125471
5.3748s - [DEBUG]       Sending 163840 bytes of 109087
5.3748s - [DEBUG]       Sending 180224 bytes of 92703
5.3748s - [DEBUG]       Sending 196608 bytes of 76319
5.3748s - [DEBUG]       Sending 212992 bytes of 59935
5.3748s - [DEBUG]       Sending 229376 bytes of 43551
5.3748s - [DEBUG]       Sending 245760 bytes of 27167
5.3749s - [DEBUG]       Sending 262144 bytes of 10783
5.3749s - [DEBUG]       Sending 272927 bytes of 0
5.3749s - [DEBUG]     Incoming HTTP request from [/assets/posts/2018/how-to-value-a-business-featured.jpg]
5.3751s - [DEBUG]       Sending response [200]
5.3751s - [DEBUG]       Sending 0 bytes of 128042
5.3751s - [DEBUG]       Sending 16384 bytes of 111658
5.3752s - [DEBUG]       Sending 32768 bytes of 95274
5.3752s - [DEBUG]       Sending 49152 bytes of 78890
5.3752s - [DEBUG]       Sending 65536 bytes of 62506
5.3752s - [DEBUG]       Sending 81920 bytes of 46122
5.3752s - [DEBUG]       Sending 98304 bytes of 29738
5.3752s - [DEBUG]       Sending 114688 bytes of 13354
5.3752s - [DEBUG]       Sending 128042 bytes of 0
5.3752s - [DEBUG]     Incoming HTTP request from [/assets/posts/2019/local-wordpress-development-from-mamp-to-local-by-flywheel-featured-1600w.jpg]
5.3755s - [DEBUG]       Sending response [200]
5.3755s - [DEBUG]       Sending 0 bytes of 223647
5.3755s - [DEBUG]       Sending 16384 bytes of 207263
5.3755s - [DEBUG]       Sending 32768 bytes of 190879
5.3755s - [DEBUG]       Sending 49152 bytes of 174495
5.3756s - [DEBUG]       Sending 65536 bytes of 158111
5.3756s - [DEBUG]       Sending 81920 bytes of 141727
5.3756s - [DEBUG]       Sending 98304 bytes of 125343
5.3756s - [DEBUG]       Sending 114688 bytes of 108959
5.3756s - [DEBUG]       Sending 131072 bytes of 92575
5.3756s - [DEBUG]       Sending 147456 bytes of 76191
5.3756s - [DEBUG]       Sending 163840 bytes of 59807
5.3756s - [DEBUG]       Sending 180224 bytes of 43423
5.3756s - [DEBUG]       Sending 196608 bytes of 27039
5.3757s - [DEBUG]       Sending 212992 bytes of 10655
5.3757s - [DEBUG]       Sending 223647 bytes of 0
5.3757s - [DEBUG]     Incoming HTTP request from [/assets/posts/2022/how-to-make-homemade-chicken-stock-featured.jpeg]
5.3760s - [DEBUG]       Sending response [200]
5.3760s - [DEBUG]       Sending 0 bytes of 277297
5.3760s - [DEBUG]       Sending 16384 bytes of 260913
5.3760s - [DEBUG]       Sending 32768 bytes of 244529
5.3761s - [DEBUG]       Sending 49152 bytes of 228145
5.3761s - [DEBUG]       Sending 65536 bytes of 211761
5.3761s - [DEBUG]       Sending 81920 bytes of 195377
5.3761s - [DEBUG]       Sending 98304 bytes of 178993
5.3761s - [DEBUG]       Sending 114688 bytes of 162609
5.3761s - [DEBUG]       Sending 131072 bytes of 146225
5.3761s - [DEBUG]       Sending 147456 bytes of 129841
5.3762s - [DEBUG]       Sending 163840 bytes of 113457
5.3762s - [DEBUG]       Sending 180224 bytes of 97073
5.3762s - [DEBUG]       Sending 196608 bytes of 80689
5.3762s - [DEBUG]       Sending 212992 bytes of 64305
5.3762s - [DEBUG]       Sending 229376 bytes of 47921
5.3762s - [DEBUG]       Sending 245760 bytes of 31537
5.3762s - [DEBUG]       Sending 262144 bytes of 15153
5.3763s - [DEBUG]       Sending 277297 bytes of 0
5.3926s - [DEBUG]     Incoming HTTP request from [/assets/final-road-opt.jpg]
5.3931s - [DEBUG]       Sending response [200]
5.3932s - [DEBUG]       Sending 0 bytes of 377713
5.3932s - [DEBUG]       Sending 16384 bytes of 361329
5.3932s - [DEBUG]       Sending 32768 bytes of 344945
5.3932s - [DEBUG]       Sending 49152 bytes of 328561
5.3932s - [DEBUG]       Sending 65536 bytes of 312177
5.3933s - [DEBUG]       Sending 81920 bytes of 295793
5.3933s - [DEBUG]       Sending 98304 bytes of 279409
5.3933s - [DEBUG]       Sending 114688 bytes of 263025
5.3933s - [DEBUG]       Sending 131072 bytes of 246641
5.3933s - [DEBUG]       Sending 147456 bytes of 230257
5.3934s - [DEBUG]       Sending 163840 bytes of 213873
5.3934s - [DEBUG]       Sending 180224 bytes of 197489
5.3934s - [DEBUG]       Sending 196608 bytes of 181105
5.3935s - [DEBUG]       Sending 212992 bytes of 164721
5.3935s - [DEBUG]       Sending 229376 bytes of 148337
5.3935s - [DEBUG]       Sending 245760 bytes of 131953
5.3936s - [DEBUG]       Sending 262144 bytes of 115569
5.3936s - [DEBUG]       Sending 278528 bytes of 99185
5.3936s - [DEBUG]       Sending 294912 bytes of 82801
5.3936s - [DEBUG]       Sending 311296 bytes of 66417
5.3936s - [DEBUG]       Sending 327680 bytes of 50033
5.3936s - [DEBUG]       Sending 344064 bytes of 33649
5.3936s - [DEBUG]       Sending 360448 bytes of 17265
5.3937s - [DEBUG]       Sending 376832 bytes of 881
5.3937s - [DEBUG]       Sending 377713 bytes of 0
5.4849s - [DEBUG]     Incoming HTTP request from [/assets/favicon.ico?v=ec56d80803beeff368c34f608eb80ae9]
5.4849s - [DEBUG]       Sending response [200]
5.4849s - [DEBUG]       Sending 0 bytes of 15472
7.6271s - [DEBUG]     Incoming HTTP request from [/posts/down-the-rabbit-hole-a-deep-look-at-the-wordpress-api.html]
7.6272s - [DEBUG]       Sending response [200]
7.6272s - [DEBUG]       Sending 0 bytes of 6276
7.6540s - [DEBUG]     Incoming HTTP request from [/assets/lumen.min.js?v=ec56d80803beeff368c34f608eb80ae9]
7.6541s - [DEBUG]       Sending response [200]
7.6541s - [DEBUG]       Sending 0 bytes of 81530
7.6541s - [DEBUG]       Sending 16384 bytes of 65146
7.6541s - [DEBUG]       Sending 32768 bytes of 48762
7.6542s - [DEBUG]       Sending 49152 bytes of 32378
7.6542s - [DEBUG]       Sending 65536 bytes of 15994
7.6542s - [DEBUG]       Sending 81530 bytes of 0
7.6542s - [DEBUG]     Incoming HTTP request from [/assets/lumen.css?v=ec56d80803beeff368c34f608eb80ae9]
7.6543s - [DEBUG]       Sending response [200]
7.6543s - [DEBUG]       Sending 0 bytes of 234376
7.6543s - [DEBUG]       Sending 16384 bytes of 217992
7.6543s - [DEBUG]       Sending 32768 bytes of 201608
7.6544s - [DEBUG]       Sending 49152 bytes of 185224
7.6544s - [DEBUG]       Sending 65536 bytes of 168840
7.6544s - [DEBUG]       Sending 81920 bytes of 152456
7.6544s - [DEBUG]       Sending 98304 bytes of 136072
7.6544s - [DEBUG]       Sending 114688 bytes of 119688
7.6544s - [DEBUG]       Sending 131072 bytes of 103304
7.6544s - [DEBUG]       Sending 147456 bytes of 86920
7.6545s - [DEBUG]       Sending 163840 bytes of 70536
7.6545s - [DEBUG]       Sending 180224 bytes of 54152
7.6545s - [DEBUG]       Sending 196608 bytes of 37768
7.6545s - [DEBUG]       Sending 212992 bytes of 21384
7.6545s - [DEBUG]       Sending 229376 bytes of 5000
7.6545s - [DEBUG]       Sending 234376 bytes of 0
7.6699s - [DEBUG]     Incoming HTTP request from [/assets/posts/2024/wordpress-api-banner.jpg]
7.6700s - [DEBUG]       Sending response [200]
7.6700s - [DEBUG]       Sending 0 bytes of 204501
7.6700s - [DEBUG]       Sending 16384 bytes of 188117
7.6701s - [DEBUG]       Sending 32768 bytes of 171733
7.6701s - [DEBUG]       Sending 49152 bytes of 155349
7.6701s - [DEBUG]       Sending 65536 bytes of 138965
7.6701s - [DEBUG]       Sending 81920 bytes of 122581
7.6701s - [DEBUG]       Sending 98304 bytes of 106197
7.6701s - [DEBUG]       Sending 114688 bytes of 89813
7.6701s - [DEBUG]       Sending 131072 bytes of 73429
7.6702s - [DEBUG]       Sending 147456 bytes of 57045
7.6702s - [DEBUG]       Sending 163840 bytes of 40661
7.6702s - [DEBUG]       Sending 180224 bytes of 24277
7.6702s - [DEBUG]       Sending 196608 bytes of 7893
7.6702s - [DEBUG]       Sending 204501 bytes of 0
825.5076s - [INFO ] Shutting down web server
825.5078s - [INFO ] Finished executing [SERVE] command, total time taken 825.508s
